-------------------------------------------------------------------------------
Test set: TestSuite
-------------------------------------------------------------------------------
Tests run: 5, Failures: 1, Errors: 0, Skipped: 0, Time elapsed: 533.97 s <<< FAILURE! - in TestSuite
com.eezy.logintest.LoginUsingMobileNumberTest.loginUsingMobileNumber  Time elapsed: 22.535 s  <<< FAILURE!
org.openqa.selenium.TimeoutException: Expected condition failed: waiting for element to be clickable: Located by By.chained({By.id: com.eezy.ai.dev:id/searchText}) (tried for 10 second(s) with 500 milliseconds interval)
	at com.eezy.logintest.LoginUsingMobileNumberTest.loginUsingMobileNumber(LoginUsingMobileNumberTest.java:23)
Caused by: org.openqa.selenium.NoSuchElementException: Can't locate an element by this strategy: By.chained({By.id: com.eezy.ai.dev:id/searchText})
	at com.eezy.logintest.LoginUsingMobileNumberTest.loginUsingMobileNumber(LoginUsingMobileNumberTest.java:23)
Caused by: org.openqa.selenium.TimeoutException: Expected condition failed: waiting for io.appium.java_client.pagefactory.AppiumElementLocator$WaitingFunction@584dab7f (tried for 1 second(s) with 500 milliseconds interval)
	at com.eezy.logintest.LoginUsingMobileNumberTest.loginUsingMobileNumber(LoginUsingMobileNumberTest.java:23)
Caused by: org.openqa.selenium.NoSuchElementException: 
Cannot locate an element using By.chained({By.id: com.eezy.ai.dev:id/searchText})
For documentation on this error, please visit: https://www.seleniumhq.org/exceptions/no_such_element.html
Build info: version: '3.141.59', revision: 'e82be7d358', time: '2018-11-14T08:17:03'
System info: host: 'DESKTOP-NVPTPKF', ip: '192.168.1.8', os.name: 'Windows 10', os.arch: 'amd64', os.version: '10.0', java.version: '1.8.0_192'
Driver info: driver.version: AndroidDriver
	at com.eezy.logintest.LoginUsingMobileNumberTest.loginUsingMobileNumber(LoginUsingMobileNumberTest.java:23)

