<?xml version="1.0" encoding="UTF-8"?>
<testsuite xmlns:xsi="http://www.w3.org/2001/XMLSchema-instance" xsi:noNamespaceSchemaLocation="https://maven.apache.org/surefire/maven-surefire-plugin/xsd/surefire-test-report-3.0.xsd" version="3.0" name="TestSuite" time="533.97" tests="5" errors="0" skipped="0" failures="1">
  <properties>
[...]
</properties>
  <testcase name="startNewPlan" classname="com.eezy.logintest.StartNewPlanTest" time="105.599">
    <system-out><![CDATA[&amp#27;[35m[Appium]&amp#27;[39m Welcome to Appium v1.20.2
&amp#27;[35m[Appium]&amp#27;[39m Appium REST http interface listener started on 0.0.0.0:4723
&amp#27;[35m[HTTP]&amp#27;[39m &amp#27;[37m-->&amp#27;[39m &amp#27;[37mGET&amp#27;[39m &amp#27;[37m/wd/hub/status&amp#27;[39m
&amp#27;[35m[HTTP]&amp#27;[39m &amp#27;[90m{}&amp#27;[39m
[debug] &amp#27;[35m[GENERIC]&amp#27;[39m Calling AppiumDriver.getStatus() with args: []
[debug] &amp#27;[35m[GENERIC]&amp#27;[39m Responding to client with driver.getStatus() result: {"build":{"version":"1.20.2"}}
&amp#27;[35m[HTTP]&amp#27;[39m &amp#27;[37m<-- GET /wd/hub/status &amp#27;[39m&amp#27;[32m200&amp#27;[39m &amp#27;[90m12 ms - 68&amp#27;[39m
&amp#27;[35m[HTTP]&amp#27;[39m &amp#27;[90m&amp#27;[39m
&amp#27;[35m[HTTP]&amp#27;[39m &amp#27;[37m-->&amp#27;[39m &amp#27;[37mPOST&amp#27;[39m &amp#27;[37m/wd/hub/session&amp#27;[39m
&amp#27;[35m[HTTP]&amp#27;[39m &amp#27;[90m{"desiredCapabilities":{"appActivity":"com.natife.eezy.MainActivity","appPackage":"com.eezy.ai.dev","platformVersion":"7.0","automationName":"Appium","autoGrantPermissions":true,"platformName":"Android","UDID":"bfe7d6690803","deviceName":"MyLittleMonster"},"capabilities":{"firstMatch":[{"UDID":"bfe7d6690803","appium:appActivity":"com.natife.eezy.MainActivity","appium:appPackage":"com.eezy.ai.dev","appium:autoGrantPermissions":true,"appium:automationName":"Appium","appium:deviceName":"MyLittleMonster","platformName":"android","appium:platformVersion":"7.0"}]}}&amp#27;[39m
[debug] &amp#27;[35m[W3C]&amp#27;[39m Calling AppiumDriver.createSession() with args: [{"appActivity":"com.natife.eezy.MainActivity","appPackage":"com.eezy.ai.dev","platformVersion":"7.0","automationName":"Appium","autoGrantPermissions":true,"platformName":"Android","UDID":"bfe7d6690803","deviceName":"MyLittleMonster"},null,{"firstMatch":[{"UDID":"bfe7d6690803","appium:appActivity":"com.natife.eezy.MainActivity","appium:appPackage":"com.eezy.ai.dev","appium:autoGrantPermissions":true,"appium:automationName":"Appium","appium:deviceName":"MyLittleMonster","platformName":"android","appium:platformVersion":"7.0"}]}]
[debug] &amp#27;[35m[BaseDriver]&amp#27;[39m Event 'newSessionRequested' logged at 1619597431511 (13:40:31 GMT+0530 (India Standard Time))
&amp#27;[35m[BaseDriver]&amp#27;[39m The following capabilities are not standard capabilities and should have an extension prefix:
&amp#27;[35m[BaseDriver]&amp#27;[39m   UDID
&amp#27;[35m[Appium]&amp#27;[39m 
&amp#27;[35m[Appium]&amp#27;[39m ======================================================================
&amp#27;[35m[Appium]&amp#27;[39m   DEPRECATION WARNING:
&amp#27;[35m[Appium]&amp#27;[39m 
&amp#27;[35m[Appium]&amp#27;[39m   The 'automationName' capability was not provided in the desired 
&amp#27;[35m[Appium]&amp#27;[39m   capabilities for this Android session
&amp#27;[35m[Appium]&amp#27;[39m 
&amp#27;[35m[Appium]&amp#27;[39m   Setting 'automationName=UiAutomator2' by default and using the 
&amp#27;[35m[Appium]&amp#27;[39m   UiAutomator2 Driver
&amp#27;[35m[Appium]&amp#27;[39m 
&amp#27;[35m[Appium]&amp#27;[39m   The next major version of Appium (2.x) will **require** the 
&amp#27;[35m[Appium]&amp#27;[39m   'automationName' capability to be set for all sessions on all 
&amp#27;[35m[Appium]&amp#27;[39m   platforms
&amp#27;[35m[Appium]&amp#27;[39m 
&amp#27;[35m[Appium]&amp#27;[39m   In previous versions (Appium <= 1.13.x), the default was 
&amp#27;[35m[Appium]&amp#27;[39m   'automationName=UiAutomator1'
&amp#27;[35m[Appium]&amp#27;[39m 
&amp#27;[35m[Appium]&amp#27;[39m   If you wish to use that automation instead of UiAutomator2, please 
&amp#27;[35m[Appium]&amp#27;[39m   add 'automationName=UiAutomator1' to your desired capabilities
&amp#27;[35m[Appium]&amp#27;[39m 
&amp#27;[35m[Appium]&amp#27;[39m   For more information about drivers, please visit 
&amp#27;[35m[Appium]&amp#27;[39m   http://appium.io/docs/en/about-appium/intro/ and explore the 
&amp#27;[35m[Appium]&amp#27;[39m   'Drivers' menu
&amp#27;[35m[Appium]&amp#27;[39m 
&amp#27;[35m[Appium]&amp#27;[39m ======================================================================
&amp#27;[35m[Appium]&amp#27;[39m 
&amp#27;[35m[Appium]&amp#27;[39m Appium v1.20.2 creating new AndroidUiautomator2Driver (v1.61.2) session
[debug] &amp#27;[35m[BaseDriver]&amp#27;[39m W3C capabilities and MJSONWP desired capabilities were provided
[debug] &amp#27;[35m[BaseDriver]&amp#27;[39m Creating session with W3C capabilities: {
[debug] &amp#27;[35m[BaseDriver]&amp#27;[39m   "alwaysMatch": {
[debug] &amp#27;[35m[BaseDriver]&amp#27;[39m     "appium:UDID": "bfe7d6690803",
[debug] &amp#27;[35m[BaseDriver]&amp#27;[39m     "platformName": "android",
[debug] &amp#27;[35m[BaseDriver]&amp#27;[39m     "appium:appActivity": "com.natife.eezy.MainActivity",
[debug] &amp#27;[35m[BaseDriver]&amp#27;[39m     "appium:appPackage": "com.eezy.ai.dev",
[debug] &amp#27;[35m[BaseDriver]&amp#27;[39m     "appium:autoGrantPermissions": true,
[debug] &amp#27;[35m[BaseDriver]&amp#27;[39m     "appium:automationName": "Appium",
[debug] &amp#27;[35m[BaseDriver]&amp#27;[39m     "appium:deviceName": "MyLittleMonster",
[debug] &amp#27;[35m[BaseDriver]&amp#27;[39m     "appium:platformVersion": "7.0"
[debug] &amp#27;[35m[BaseDriver]&amp#27;[39m   },
[debug] &amp#27;[35m[BaseDriver]&amp#27;[39m   "firstMatch": [
[debug] &amp#27;[35m[BaseDriver]&amp#27;[39m     {}
[debug] &amp#27;[35m[BaseDriver]&amp#27;[39m   ]
[debug] &amp#27;[35m[BaseDriver]&amp#27;[39m }
&amp#27;[35m[BaseDriver]&amp#27;[39m The following capabilities were provided, but are not recognized by Appium:
&amp#27;[35m[BaseDriver]&amp#27;[39m   UDID
&amp#27;[35m[BaseDriver]&amp#27;[39m Session created with session id: 6325cddf-10c9-4f5c-af0c-6f0cac588a23
&amp#27;[35m[UiAutomator2]&amp#27;[39m Starting 'com.eezy.ai.dev' directly on the device
&amp#27;[35m[ADB]&amp#27;[39m Found 1 'build-tools' folders under 'C:\Users\Rajiv\AppData\Local\Android\Sdk' (newest first):
&amp#27;[35m[ADB]&amp#27;[39m     C:/Users/Rajiv/AppData/Local/Android/Sdk/build-tools/30.0.3
&amp#27;[35m[ADB]&amp#27;[39m Using 'adb.exe' from 'C:\Users\Rajiv\AppData\Local\Android\Sdk\platform-tools\adb.exe'
[debug] &amp#27;[35m[ADB]&amp#27;[39m Running 'C:\Users\Rajiv\AppData\Local\Android\Sdk\platform-tools\adb.exe -P 5037 start-server'
&amp#27;[35m[AndroidDriver]&amp#27;[39m Retrieving device list
[debug] &amp#27;[35m[ADB]&amp#27;[39m Trying to find a connected android device
[debug] &amp#27;[35m[ADB]&amp#27;[39m Getting connected devices
[debug] &amp#27;[35m[ADB]&amp#27;[39m No connected devices have been detected
[debug] &amp#27;[35m[ADB]&amp#27;[39m Could not find online devices
[debug] &amp#27;[35m[ADB]&amp#27;[39m Reconnecting adb (target offline)
[debug] &amp#27;[35m[ADB]&amp#27;[39m Running 'C:\Users\Rajiv\AppData\Local\Android\Sdk\platform-tools\adb.exe -P 5037 reconnect offline'
[debug] &amp#27;[35m[ADB]&amp#27;[39m Getting connected devices
[debug] &amp#27;[35m[ADB]&amp#27;[39m No connected devices have been detected
[debug] &amp#27;[35m[ADB]&amp#27;[39m Could not find online devices
[debug] &amp#27;[35m[ADB]&amp#27;[39m Reconnecting adb (target offline)
[debug] &amp#27;[35m[ADB]&amp#27;[39m Running 'C:\Users\Rajiv\AppData\Local\Android\Sdk\platform-tools\adb.exe -P 5037 reconnect offline'
[debug] &amp#27;[35m[ADB]&amp#27;[39m Getting connected devices
[debug] &amp#27;[35m[ADB]&amp#27;[39m No connected devices have been detected
[debug] &amp#27;[35m[ADB]&amp#27;[39m Could not find online devices
[debug] &amp#27;[35m[ADB]&amp#27;[39m Reconnecting adb (target offline)
[debug] &amp#27;[35m[ADB]&amp#27;[39m Running 'C:\Users\Rajiv\AppData\Local\Android\Sdk\platform-tools\adb.exe -P 5037 reconnect offline'
[debug] &amp#27;[35m[ADB]&amp#27;[39m Getting connected devices
[debug] &amp#27;[35m[ADB]&amp#27;[39m No connected devices have been detected
[debug] &amp#27;[35m[ADB]&amp#27;[39m Could not find online devices
[debug] &amp#27;[35m[ADB]&amp#27;[39m Reconnecting adb (target offline)
[debug] &amp#27;[35m[ADB]&amp#27;[39m Running 'C:\Users\Rajiv\AppData\Local\Android\Sdk\platform-tools\adb.exe -P 5037 reconnect offline'
[debug] &amp#27;[35m[ADB]&amp#27;[39m Getting connected devices
[debug] &amp#27;[35m[ADB]&amp#27;[39m No connected devices have been detected
[debug] &amp#27;[35m[ADB]&amp#27;[39m Could not find online devices
[debug] &amp#27;[35m[ADB]&amp#27;[39m Reconnecting adb (target offline)
[debug] &amp#27;[35m[ADB]&amp#27;[39m Running 'C:\Users\Rajiv\AppData\Local\Android\Sdk\platform-tools\adb.exe -P 5037 reconnect offline'
[debug] &amp#27;[35m[ADB]&amp#27;[39m Getting connected devices
[debug] &amp#27;[35m[ADB]&amp#27;[39m No connected devices have been detected
[debug] &amp#27;[35m[ADB]&amp#27;[39m Could not find online devices
[debug] &amp#27;[35m[ADB]&amp#27;[39m Reconnecting adb (target offline)
[debug] &amp#27;[35m[ADB]&amp#27;[39m Running 'C:\Users\Rajiv\AppData\Local\Android\Sdk\platform-tools\adb.exe -P 5037 reconnect offline'
[debug] &amp#27;[35m[ADB]&amp#27;[39m Getting connected devices
[debug] &amp#27;[35m[ADB]&amp#27;[39m No connected devices have been detected
[debug] &amp#27;[35m[ADB]&amp#27;[39m Could not find online devices
[debug] &amp#27;[35m[ADB]&amp#27;[39m Reconnecting adb (target offline)
[debug] &amp#27;[35m[ADB]&amp#27;[39m Running 'C:\Users\Rajiv\AppData\Local\Android\Sdk\platform-tools\adb.exe -P 5037 reconnect offline'
[debug] &amp#27;[35m[ADB]&amp#27;[39m Getting connected devices
[debug] &amp#27;[35m[ADB]&amp#27;[39m No connected devices have been detected
[debug] &amp#27;[35m[ADB]&amp#27;[39m Could not find online devices
[debug] &amp#27;[35m[ADB]&amp#27;[39m Reconnecting adb (target offline)
[debug] &amp#27;[35m[ADB]&amp#27;[39m Running 'C:\Users\Rajiv\AppData\Local\Android\Sdk\platform-tools\adb.exe -P 5037 reconnect offline'
[debug] &amp#27;[35m[ADB]&amp#27;[39m Getting connected devices
[debug] &amp#27;[35m[ADB]&amp#27;[39m No connected devices have been detected
[debug] &amp#27;[35m[ADB]&amp#27;[39m Could not find online devices
[debug] &amp#27;[35m[ADB]&amp#27;[39m Reconnecting adb (target offline)
[debug] &amp#27;[35m[ADB]&amp#27;[39m Running 'C:\Users\Rajiv\AppData\Local\Android\Sdk\platform-tools\adb.exe -P 5037 reconnect offline'
[debug] &amp#27;[35m[ADB]&amp#27;[39m Getting connected devices
[debug] &amp#27;[35m[ADB]&amp#27;[39m No connected devices have been detected
[debug] &amp#27;[35m[ADB]&amp#27;[39m Could not find online devices
[debug] &amp#27;[35m[ADB]&amp#27;[39m Reconnecting adb (target offline)
[debug] &amp#27;[35m[ADB]&amp#27;[39m Running 'C:\Users\Rajiv\AppData\Local\Android\Sdk\platform-tools\adb.exe -P 5037 reconnect offline'
[debug] &amp#27;[35m[ADB]&amp#27;[39m Getting connected devices
[debug] &amp#27;[35m[ADB]&amp#27;[39m No connected devices have been detected
[debug] &amp#27;[35m[ADB]&amp#27;[39m Could not find online devices
[debug] &amp#27;[35m[ADB]&amp#27;[39m Reconnecting adb (target offline)
[debug] &amp#27;[35m[ADB]&amp#27;[39m Running 'C:\Users\Rajiv\AppData\Local\Android\Sdk\platform-tools\adb.exe -P 5037 reconnect offline'
[debug] &amp#27;[35m[ADB]&amp#27;[39m Getting connected devices
[debug] &amp#27;[35m[ADB]&amp#27;[39m No connected devices have been detected
[debug] &amp#27;[35m[ADB]&amp#27;[39m Could not find online devices
[debug] &amp#27;[35m[ADB]&amp#27;[39m Reconnecting adb (target offline)
[debug] &amp#27;[35m[ADB]&amp#27;[39m Running 'C:\Users\Rajiv\AppData\Local\Android\Sdk\platform-tools\adb.exe -P 5037 reconnect offline'
[debug] &amp#27;[35m[ADB]&amp#27;[39m Getting connected devices
[debug] &amp#27;[35m[ADB]&amp#27;[39m No connected devices have been detected
[debug] &amp#27;[35m[ADB]&amp#27;[39m Could not find online devices
[debug] &amp#27;[35m[ADB]&amp#27;[39m Reconnecting adb (target offline)
[debug] &amp#27;[35m[ADB]&amp#27;[39m Running 'C:\Users\Rajiv\AppData\Local\Android\Sdk\platform-tools\adb.exe -P 5037 reconnect offline'
[debug] &amp#27;[35m[ADB]&amp#27;[39m Getting connected devices
[debug] &amp#27;[35m[ADB]&amp#27;[39m No connected devices have been detected
[debug] &amp#27;[35m[ADB]&amp#27;[39m Could not find online devices
[debug] &amp#27;[35m[ADB]&amp#27;[39m Reconnecting adb (target offline)
[debug] &amp#27;[35m[ADB]&amp#27;[39m Running 'C:\Users\Rajiv\AppData\Local\Android\Sdk\platform-tools\adb.exe -P 5037 reconnect offline'
[debug] &amp#27;[35m[ADB]&amp#27;[39m Getting connected devices
[debug] &amp#27;[35m[ADB]&amp#27;[39m No connected devices have been detected
[debug] &amp#27;[35m[ADB]&amp#27;[39m Could not find online devices
[debug] &amp#27;[35m[ADB]&amp#27;[39m Reconnecting adb (target offline)
[debug] &amp#27;[35m[ADB]&amp#27;[39m Running 'C:\Users\Rajiv\AppData\Local\Android\Sdk\platform-tools\adb.exe -P 5037 reconnect offline'
[debug] &amp#27;[35m[ADB]&amp#27;[39m Getting connected devices
[debug] &amp#27;[35m[ADB]&amp#27;[39m No connected devices have been detected
[debug] &amp#27;[35m[ADB]&amp#27;[39m Could not find online devices
[debug] &amp#27;[35m[ADB]&amp#27;[39m Reconnecting adb (target offline)
[debug] &amp#27;[35m[ADB]&amp#27;[39m Running 'C:\Users\Rajiv\AppData\Local\Android\Sdk\platform-tools\adb.exe -P 5037 reconnect offline'
[debug] &amp#27;[35m[ADB]&amp#27;[39m Getting connected devices
[debug] &amp#27;[35m[ADB]&amp#27;[39m No connected devices have been detected
[debug] &amp#27;[35m[ADB]&amp#27;[39m Could not find online devices
[debug] &amp#27;[35m[ADB]&amp#27;[39m Reconnecting adb (target offline)
[debug] &amp#27;[35m[ADB]&amp#27;[39m Running 'C:\Users\Rajiv\AppData\Local\Android\Sdk\platform-tools\adb.exe -P 5037 reconnect offline'
[debug] &amp#27;[35m[ADB]&amp#27;[39m Getting connected devices
[debug] &amp#27;[35m[ADB]&amp#27;[39m No connected devices have been detected
[debug] &amp#27;[35m[ADB]&amp#27;[39m Could not find online devices
[debug] &amp#27;[35m[ADB]&amp#27;[39m Reconnecting adb (target offline)
[debug] &amp#27;[35m[ADB]&amp#27;[39m Running 'C:\Users\Rajiv\AppData\Local\Android\Sdk\platform-tools\adb.exe -P 5037 reconnect offline'
[debug] &amp#27;[35m[ADB]&amp#27;[39m Getting connected devices
[debug] &amp#27;[35m[ADB]&amp#27;[39m No connected devices have been detected
[debug] &amp#27;[35m[ADB]&amp#27;[39m Could not find online devices
[debug] &amp#27;[35m[ADB]&amp#27;[39m Reconnecting adb (target offline)
[debug] &amp#27;[35m[ADB]&amp#27;[39m Running 'C:\Users\Rajiv\AppData\Local\Android\Sdk\platform-tools\adb.exe -P 5037 reconnect offline'
[debug] &amp#27;[35m[ADB]&amp#27;[39m Getting connected devices
[debug] &amp#27;[35m[ADB]&amp#27;[39m No connected devices have been detected
[debug] &amp#27;[35m[ADB]&amp#27;[39m Could not find online devices
[debug] &amp#27;[35m[ADB]&amp#27;[39m Reconnecting adb (target offline)
[debug] &amp#27;[35m[ADB]&amp#27;[39m Running 'C:\Users\Rajiv\AppData\Local\Android\Sdk\platform-tools\adb.exe -P 5037 reconnect offline'
[debug] &amp#27;[35m[ADB]&amp#27;[39m Getting connected devices
[debug] &amp#27;[35m[ADB]&amp#27;[39m No connected devices have been detected
[debug] &amp#27;[35m[ADB]&amp#27;[39m Could not find online devices
[debug] &amp#27;[35m[ADB]&amp#27;[39m Reconnecting adb (target offline)
[debug] &amp#27;[35m[ADB]&amp#27;[39m Running 'C:\Users\Rajiv\AppData\Local\Android\Sdk\platform-tools\adb.exe -P 5037 reconnect offline'
[debug] &amp#27;[35m[ADB]&amp#27;[39m Getting connected devices
[debug] &amp#27;[35m[ADB]&amp#27;[39m No connected devices have been detected
[debug] &amp#27;[35m[ADB]&amp#27;[39m Could not find online devices
[debug] &amp#27;[35m[ADB]&amp#27;[39m Reconnecting adb (target offline)
[debug] &amp#27;[35m[ADB]&amp#27;[39m Running 'C:\Users\Rajiv\AppData\Local\Android\Sdk\platform-tools\adb.exe -P 5037 reconnect offline'
[debug] &amp#27;[35m[ADB]&amp#27;[39m Getting connected devices
[debug] &amp#27;[35m[ADB]&amp#27;[39m No connected devices have been detected
[debug] &amp#27;[35m[ADB]&amp#27;[39m Could not find online devices
[debug] &amp#27;[35m[ADB]&amp#27;[39m Reconnecting adb (target offline)
[debug] &amp#27;[35m[ADB]&amp#27;[39m Running 'C:\Users\Rajiv\AppData\Local\Android\Sdk\platform-tools\adb.exe -P 5037 reconnect offline'
[debug] &amp#27;[35m[ADB]&amp#27;[39m Getting connected devices
[debug] &amp#27;[35m[ADB]&amp#27;[39m No connected devices have been detected
[debug] &amp#27;[35m[ADB]&amp#27;[39m Could not find online devices
[debug] &amp#27;[35m[ADB]&amp#27;[39m Reconnecting adb (target offline)
[debug] &amp#27;[35m[ADB]&amp#27;[39m Running 'C:\Users\Rajiv\AppData\Local\Android\Sdk\platform-tools\adb.exe -P 5037 reconnect offline'
[debug] &amp#27;[35m[ADB]&amp#27;[39m Getting connected devices
[debug] &amp#27;[35m[ADB]&amp#27;[39m No connected devices have been detected
[debug] &amp#27;[35m[ADB]&amp#27;[39m Could not find online devices
[debug] &amp#27;[35m[ADB]&amp#27;[39m Reconnecting adb (target offline)
[debug] &amp#27;[35m[ADB]&amp#27;[39m Running 'C:\Users\Rajiv\AppData\Local\Android\Sdk\platform-tools\adb.exe -P 5037 reconnect offline'
[debug] &amp#27;[35m[ADB]&amp#27;[39m Getting connected devices
[debug] &amp#27;[35m[ADB]&amp#27;[39m No connected devices have been detected
[debug] &amp#27;[35m[ADB]&amp#27;[39m Could not find online devices
[debug] &amp#27;[35m[ADB]&amp#27;[39m Reconnecting adb (target offline)
[debug] &amp#27;[35m[ADB]&amp#27;[39m Running 'C:\Users\Rajiv\AppData\Local\Android\Sdk\platform-tools\adb.exe -P 5037 reconnect offline'
[debug] &amp#27;[35m[ADB]&amp#27;[39m Getting connected devices
[debug] &amp#27;[35m[ADB]&amp#27;[39m No connected devices have been detected
[debug] &amp#27;[35m[ADB]&amp#27;[39m Could not find online devices
[debug] &amp#27;[35m[ADB]&amp#27;[39m Reconnecting adb (target offline)
[debug] &amp#27;[35m[ADB]&amp#27;[39m Running 'C:\Users\Rajiv\AppData\Local\Android\Sdk\platform-tools\adb.exe -P 5037 reconnect offline'
[debug] &amp#27;[35m[ADB]&amp#27;[39m Getting connected devices
[debug] &amp#27;[35m[ADB]&amp#27;[39m No connected devices have been detected
[debug] &amp#27;[35m[ADB]&amp#27;[39m Could not find online devices
[debug] &amp#27;[35m[ADB]&amp#27;[39m Reconnecting adb (target offline)
[debug] &amp#27;[35m[ADB]&amp#27;[39m Running 'C:\Users\Rajiv\AppData\Local\Android\Sdk\platform-tools\adb.exe -P 5037 reconnect offline'
[debug] &amp#27;[35m[ADB]&amp#27;[39m Getting connected devices
[debug] &amp#27;[35m[ADB]&amp#27;[39m No connected devices have been detected
[debug] &amp#27;[35m[ADB]&amp#27;[39m Could not find online devices
[debug] &amp#27;[35m[ADB]&amp#27;[39m Reconnecting adb (target offline)
[debug] &amp#27;[35m[ADB]&amp#27;[39m Running 'C:\Users\Rajiv\AppData\Local\Android\Sdk\platform-tools\adb.exe -P 5037 reconnect offline'
[debug] &amp#27;[35m[ADB]&amp#27;[39m Getting connected devices
[debug] &amp#27;[35m[ADB]&amp#27;[39m No connected devices have been detected
[debug] &amp#27;[35m[ADB]&amp#27;[39m Could not find online devices
[debug] &amp#27;[35m[ADB]&amp#27;[39m Reconnecting adb (target offline)
[debug] &amp#27;[35m[ADB]&amp#27;[39m Running 'C:\Users\Rajiv\AppData\Local\Android\Sdk\platform-tools\adb.exe -P 5037 reconnect offline'
[debug] &amp#27;[35m[ADB]&amp#27;[39m Getting connected devices
[debug] &amp#27;[35m[ADB]&amp#27;[39m No connected devices have been detected
[debug] &amp#27;[35m[ADB]&amp#27;[39m Could not find online devices
[debug] &amp#27;[35m[ADB]&amp#27;[39m Reconnecting adb (target offline)
[debug] &amp#27;[35m[ADB]&amp#27;[39m Running 'C:\Users\Rajiv\AppData\Local\Android\Sdk\platform-tools\adb.exe -P 5037 reconnect offline'
[debug] &amp#27;[35m[ADB]&amp#27;[39m Getting connected devices
[debug] &amp#27;[35m[ADB]&amp#27;[39m No connected devices have been detected
[debug] &amp#27;[35m[ADB]&amp#27;[39m Could not find online devices
[debug] &amp#27;[35m[ADB]&amp#27;[39m Reconnecting adb (target offline)
[debug] &amp#27;[35m[ADB]&amp#27;[39m Running 'C:\Users\Rajiv\AppData\Local\Android\Sdk\platform-tools\adb.exe -P 5037 reconnect offline'
[debug] &amp#27;[35m[ADB]&amp#27;[39m Getting connected devices
[debug] &amp#27;[35m[ADB]&amp#27;[39m No connected devices have been detected
[debug] &amp#27;[35m[ADB]&amp#27;[39m Could not find online devices
[debug] &amp#27;[35m[ADB]&amp#27;[39m Reconnecting adb (target offline)
[debug] &amp#27;[35m[ADB]&amp#27;[39m Running 'C:\Users\Rajiv\AppData\Local\Android\Sdk\platform-tools\adb.exe -P 5037 reconnect offline'
[debug] &amp#27;[35m[ADB]&amp#27;[39m Getting connected devices
[debug] &amp#27;[35m[ADB]&amp#27;[39m No connected devices have been detected
[debug] &amp#27;[35m[ADB]&amp#27;[39m Could not find online devices
[debug] &amp#27;[35m[ADB]&amp#27;[39m Reconnecting adb (target offline)
[debug] &amp#27;[35m[ADB]&amp#27;[39m Running 'C:\Users\Rajiv\AppData\Local\Android\Sdk\platform-tools\adb.exe -P 5037 reconnect offline'
[debug] &amp#27;[35m[ADB]&amp#27;[39m Getting connected devices
[debug] &amp#27;[35m[ADB]&amp#27;[39m Connected devices: [{"udid":"bfe7d6690803","state":"authorizing"}]
&amp#27;[35m[AndroidDriver]&amp#27;[39m Looking for a device with Android '7.0.0'
[debug] &amp#27;[35m[ADB]&amp#27;[39m Setting device id to bfe7d6690803
&amp#27;[35m[ADB]&amp#27;[39m Getting device platform version
[debug] &amp#27;[35m[ADB]&amp#27;[39m Running 'C:\Users\Rajiv\AppData\Local\Android\Sdk\platform-tools\adb.exe -P 5037 -s bfe7d6690803 shell getprop ro.build.version.release'
[debug] &amp#27;[35m[ADB]&amp#27;[39m Current device property 'ro.build.version.release': 7.0
&amp#27;[35m[AndroidDriver]&amp#27;[39m Using device: bfe7d6690803
&amp#27;[35m[ADB]&amp#27;[39m Using 'adb.exe' from 'C:\Users\Rajiv\AppData\Local\Android\Sdk\platform-tools\adb.exe'
[debug] &amp#27;[35m[ADB]&amp#27;[39m Running 'C:\Users\Rajiv\AppData\Local\Android\Sdk\platform-tools\adb.exe -P 5037 start-server'
[debug] &amp#27;[35m[ADB]&amp#27;[39m Setting device id to bfe7d6690803
[debug] &amp#27;[35m[ADB]&amp#27;[39m Running 'C:\Users\Rajiv\AppData\Local\Android\Sdk\platform-tools\adb.exe -P 5037 -s bfe7d6690803 shell getprop ro.build.version.sdk'
[debug] &amp#27;[35m[ADB]&amp#27;[39m Current device property 'ro.build.version.sdk': 24
[debug] &amp#27;[35m[ADB]&amp#27;[39m Device API level: 24
&amp#27;[35m[AndroidDriver]&amp#27;[39m No app sent in, not parsing package/activity
[debug] &amp#27;[35m[ADB]&amp#27;[39m Running 'C:\Users\Rajiv\AppData\Local\Android\Sdk\platform-tools\adb.exe -P 5037 -s bfe7d6690803 wait-for-device'
[debug] &amp#27;[35m[ADB]&amp#27;[39m Running 'C:\Users\Rajiv\AppData\Local\Android\Sdk\platform-tools\adb.exe -P 5037 -s bfe7d6690803 shell echo ping'
[debug] &amp#27;[35m[AndroidDriver]&amp#27;[39m Pushing settings apk to device...
[debug] &amp#27;[35m[ADB]&amp#27;[39m Getting install status for io.appium.settings
[debug] &amp#27;[35m[ADB]&amp#27;[39m Running 'C:\Users\Rajiv\AppData\Local\Android\Sdk\platform-tools\adb.exe -P 5037 -s bfe7d6690803 shell dumpsys package io.appium.settings'
[debug] &amp#27;[35m[ADB]&amp#27;[39m 'io.appium.settings' is installed
[debug] &amp#27;[35m[ADB]&amp#27;[39m Getting package info for 'io.appium.settings'
[debug] &amp#27;[35m[ADB]&amp#27;[39m Running 'C:\Users\Rajiv\AppData\Local\Android\Sdk\platform-tools\adb.exe -P 5037 -s bfe7d6690803 shell dumpsys package io.appium.settings'
[debug] &amp#27;[35m[ADB]&amp#27;[39m The version name of the installed 'io.appium.settings' is greater or equal to the application version name ('3.2.1' >= '3.2.1')
[debug] &amp#27;[35m[ADB]&amp#27;[39m There is no need to install/upgrade 'C:\Users\Rajiv\AppData\Roaming\npm\node_modules\appium\node_modules\io.appium.settings\apks\settings_apk-debug.apk'
[debug] &amp#27;[35m[ADB]&amp#27;[39m Getting IDs of all 'io.appium.settings' processes
[debug] &amp#27;[35m[ADB]&amp#27;[39m Running 'C:\Users\Rajiv\AppData\Local\Android\Sdk\platform-tools\adb.exe -P 5037 -s bfe7d6690803 shell 'pgrep --help; echo $?''
[debug] &amp#27;[35m[ADB]&amp#27;[39m Running 'C:\Users\Rajiv\AppData\Local\Android\Sdk\platform-tools\adb.exe -P 5037 -s bfe7d6690803 shell 'pgrep ^appium\\.settings$ || pgrep ^io\\.appium\\.setti$''
[debug] &amp#27;[35m[ADB]&amp#27;[39m Getting IDs of all 'io.appium.settings' processes
[debug] &amp#27;[35m[ADB]&amp#27;[39m Running 'C:\Users\Rajiv\AppData\Local\Android\Sdk\platform-tools\adb.exe -P 5037 -s bfe7d6690803 shell 'pgrep ^appium\\.settings$ || pgrep ^io\\.appium\\.setti$''
[debug] &amp#27;[35m[ADB]&amp#27;[39m Starting Appium Settings app
[debug] &amp#27;[35m[ADB]&amp#27;[39m Running 'C:\Users\Rajiv\AppData\Local\Android\Sdk\platform-tools\adb.exe -P 5037 -s bfe7d6690803 shell am start -n io.appium.settings/.Settings -a android.intent.action.MAIN -c android.intent.category.LAUNCHER'
[debug] &amp#27;[35m[ADB]&amp#27;[39m Getting IDs of all 'io.appium.settings' processes
[debug] &amp#27;[35m[ADB]&amp#27;[39m Running 'C:\Users\Rajiv\AppData\Local\Android\Sdk\platform-tools\adb.exe -P 5037 -s bfe7d6690803 shell 'pgrep ^appium\\.settings$ || pgrep ^io\\.appium\\.setti$''
[debug] &amp#27;[35m[ADB]&amp#27;[39m Running 'C:\Users\Rajiv\AppData\Local\Android\Sdk\platform-tools\adb.exe -P 5037 -s bfe7d6690803 shell appops set io.appium.settings android:mock_location allow'
[debug] &amp#27;[35m[Logcat]&amp#27;[39m Starting logs capture with command: C:\\Users\\Rajiv\\AppData\\Local\\Android\\Sdk\\platform-tools\\adb.exe -P 5037 -s bfe7d6690803 logcat -v threadtime
[debug] &amp#27;[35m[UiAutomator2]&amp#27;[39m Forwarding UiAutomator2 Server port 6790 to local port 8200
[debug] &amp#27;[35m[ADB]&amp#27;[39m Forwarding system: 8200 to device: 6790
[debug] &amp#27;[35m[ADB]&amp#27;[39m Running 'C:\Users\Rajiv\AppData\Local\Android\Sdk\platform-tools\adb.exe -P 5037 -s bfe7d6690803 forward tcp:8200 tcp:6790'
[debug] &amp#27;[35m[ADB]&amp#27;[39m Getting install status for io.appium.uiautomator2.server
[debug] &amp#27;[35m[ADB]&amp#27;[39m Running 'C:\Users\Rajiv\AppData\Local\Android\Sdk\platform-tools\adb.exe -P 5037 -s bfe7d6690803 shell dumpsys package io.appium.uiautomator2.server'
[debug] &amp#27;[35m[ADB]&amp#27;[39m 'io.appium.uiautomator2.server' is installed
[debug] &amp#27;[35m[ADB]&amp#27;[39m Getting package info for 'io.appium.uiautomator2.server'
[debug] &amp#27;[35m[ADB]&amp#27;[39m Running 'C:\Users\Rajiv\AppData\Local\Android\Sdk\platform-tools\adb.exe -P 5037 -s bfe7d6690803 shell dumpsys package io.appium.uiautomator2.server'
[debug] &amp#27;[35m[ADB]&amp#27;[39m The version name of the installed 'io.appium.uiautomator2.server' is greater or equal to the application version name ('4.17.4' >= '4.17.4')
[debug] &amp#27;[35m[UiAutomator2]&amp#27;[39m io.appium.uiautomator2.server installation state: sameVersionInstalled
[debug] &amp#27;[35m[ADB]&amp#27;[39m Checking app cert for C:\Users\Rajiv\AppData\Roaming\npm\node_modules\appium\node_modules\appium-uiautomator2-server\apks\appium-uiautomator2-server-v4.17.4.apk
&amp#27;[35m[ADB]&amp#27;[39m Using 'apksigner.jar' from 'C:\Users\Rajiv\AppData\Local\Android\Sdk\build-tools\30.0.3\lib\apksigner.jar'
[debug] &amp#27;[35m[ADB]&amp#27;[39m Starting apksigner: 'C:\\Program Files\\Java\\jdk1.8.0_192\\bin\\java.exe' -Xmx1024M -Xss1m -jar C:\\Users\\Rajiv\\AppData\\Local\\Android\\Sdk\\build-tools\\30.0.3\\lib\\apksigner.jar verify --print-certs C:\\Users\\Rajiv\\AppData\\Roaming\\npm\\node_modules\\appium\\node_modules\\appium-uiautomator2-server\\apks\\appium-uiautomator2-server-v4.17.4.apk
[debug] &amp#27;[35m[ADB]&amp#27;[39m apksigner stdout: Signer #1 certificate DN: EMAILADDRESS=android@android.com, CN=Android, OU=Android, O=Android, L=Mountain View, ST=California, C=US
[debug] &amp#27;[35m[ADB]&amp#27;[39m Signer #1 certificate SHA-256 digest: a40da80a59d170caa950cf15c18c454d47a39b26989d8b640ecd745ba71bf5dc
[debug] &amp#27;[35m[ADB]&amp#27;[39m Signer #1 certificate SHA-1 digest: 61ed377e85d386a8dfee6b864bd85b0bfaa5af81
[debug] &amp#27;[35m[ADB]&amp#27;[39m Signer #1 certificate MD5 digest: e89b158e4bcf988ebd09eb83f5378e87
[debug] &amp#27;[35m[ADB]&amp#27;[39m 
[debug] &amp#27;[35m[ADB]&amp#27;[39m sha256 hash did match for 'appium-uiautomator2-server-v4.17.4.apk'
&amp#27;[35m[ADB]&amp#27;[39m 'C:\Users\Rajiv\AppData\Roaming\npm\node_modules\appium\node_modules\appium-uiautomator2-server\apks\appium-uiautomator2-server-v4.17.4.apk' is signed with the default certificate
[debug] &amp#27;[35m[ADB]&amp#27;[39m Getting install status for io.appium.uiautomator2.server.test
[debug] &amp#27;[35m[ADB]&amp#27;[39m Running 'C:\Users\Rajiv\AppData\Local\Android\Sdk\platform-tools\adb.exe -P 5037 -s bfe7d6690803 shell dumpsys package io.appium.uiautomator2.server.test'
[debug] &amp#27;[35m[ADB]&amp#27;[39m 'io.appium.uiautomator2.server.test' is installed
[debug] &amp#27;[35m[ADB]&amp#27;[39m Checking app cert for C:\Users\Rajiv\AppData\Roaming\npm\node_modules\appium\node_modules\appium-uiautomator2-server\apks\appium-uiautomator2-server-debug-androidTest.apk
[debug] &amp#27;[35m[ADB]&amp#27;[39m Starting apksigner: 'C:\\Program Files\\Java\\jdk1.8.0_192\\bin\\java.exe' -Xmx1024M -Xss1m -jar C:\\Users\\Rajiv\\AppData\\Local\\Android\\Sdk\\build-tools\\30.0.3\\lib\\apksigner.jar verify --print-certs C:\\Users\\Rajiv\\AppData\\Roaming\\npm\\node_modules\\appium\\node_modules\\appium-uiautomator2-server\\apks\\appium-uiautomator2-server-debug-androidTest.apk
[debug] &amp#27;[35m[ADB]&amp#27;[39m apksigner stdout: Signer #1 certificate DN: EMAILADDRESS=android@android.com, CN=Android, OU=Android, O=Android, L=Mountain View, ST=California, C=US
[debug] &amp#27;[35m[ADB]&amp#27;[39m Signer #1 certificate SHA-256 digest: a40da80a59d170caa950cf15c18c454d47a39b26989d8b640ecd745ba71bf5dc
[debug] &amp#27;[35m[ADB]&amp#27;[39m Signer #1 certificate SHA-1 digest: 61ed377e85d386a8dfee6b864bd85b0bfaa5af81
[debug] &amp#27;[35m[ADB]&amp#27;[39m Signer #1 certificate MD5 digest: e89b158e4bcf988ebd09eb83f5378e87
[debug] &amp#27;[35m[ADB]&amp#27;[39m 
[debug] &amp#27;[35m[ADB]&amp#27;[39m sha256 hash did match for 'appium-uiautomator2-server-debug-androidTest.apk'
&amp#27;[35m[ADB]&amp#27;[39m 'C:\Users\Rajiv\AppData\Roaming\npm\node_modules\appium\node_modules\appium-uiautomator2-server\apks\appium-uiautomator2-server-debug-androidTest.apk' is signed with the default certificate
&amp#27;[35m[UiAutomator2]&amp#27;[39m Server packages are not going to be (re)installed
[debug] &amp#27;[35m[UiAutomator2]&amp#27;[39m Waiting up to 30000ms for services to be available
[debug] &amp#27;[35m[ADB]&amp#27;[39m Running 'C:\Users\Rajiv\AppData\Local\Android\Sdk\platform-tools\adb.exe -P 5037 -s bfe7d6690803 shell pm list instrumentation'
[debug] &amp#27;[35m[UiAutomator2]&amp#27;[39m Instrumentation target 'io.appium.uiautomator2.server.test/androidx.test.runner.AndroidJUnitRunner' is available
&amp#27;[35m[ADB]&amp#27;[39m Adding packages ["io.appium.settings","io.appium.uiautomator2.server","io.appium.uiautomator2.server.test"] to Doze whitelist
[debug] &amp#27;[35m[ADB]&amp#27;[39m Got the following command chunks to execute: [["dumpsys","deviceidle","whitelist","+io.appium.settings",";","dumpsys","deviceidle","whitelist","+io.appium.uiautomator2.server",";","dumpsys","deviceidle","whitelist","+io.appium.uiautomator2.server.test",";"]]
[debug] &amp#27;[35m[ADB]&amp#27;[39m Running 'C:\Users\Rajiv\AppData\Local\Android\Sdk\platform-tools\adb.exe -P 5037 -s bfe7d6690803 shell dumpsys deviceidle whitelist +io.appium.settings ; dumpsys deviceidle whitelist +io.appium.uiautomator2.server ; dumpsys deviceidle whitelist +io.appium.uiautomator2.server.test ;'
[debug] &amp#27;[35m[UiAutomator2]&amp#27;[39m No app capability. Assuming it is already on the device
[debug] &amp#27;[35m[ADB]&amp#27;[39m Getting install status for com.eezy.ai.dev
[debug] &amp#27;[35m[ADB]&amp#27;[39m Running 'C:\Users\Rajiv\AppData\Local\Android\Sdk\platform-tools\adb.exe -P 5037 -s bfe7d6690803 shell dumpsys package com.eezy.ai.dev'
[debug] &amp#27;[35m[ADB]&amp#27;[39m 'com.eezy.ai.dev' is installed
[debug] &amp#27;[35m[ADB]&amp#27;[39m Running 'C:\Users\Rajiv\AppData\Local\Android\Sdk\platform-tools\adb.exe -P 5037 -s bfe7d6690803 shell am force-stop com.eezy.ai.dev'
[debug] &amp#27;[35m[ADB]&amp#27;[39m Running 'C:\Users\Rajiv\AppData\Local\Android\Sdk\platform-tools\adb.exe -P 5037 -s bfe7d6690803 shell pm clear com.eezy.ai.dev'
[debug] &amp#27;[35m[ADB]&amp#27;[39m Running 'C:\Users\Rajiv\AppData\Local\Android\Sdk\platform-tools\adb.exe -P 5037 -s bfe7d6690803 shell dumpsys package com.eezy.ai.dev'
[debug] &amp#27;[35m[ADB]&amp#27;[39m Retrieving requested permissions
[debug] &amp#27;[35m[ADB]&amp#27;[39m Retrieved 24 permissions from requested group
[debug] &amp#27;[35m[ADB]&amp#27;[39m Retrieving granted permissions
[debug] &amp#27;[35m[ADB]&amp#27;[39m Retrieved 8 permissions from install,runtime groups
[debug] &amp#27;[35m[ADB]&amp#27;[39m Granting permissions ["android.permission.ACCESS_FINE_LOCATION","android.permission.ACCESS_COARSE_LOCATION","android.permission.READ_EXTERNAL_STORAGE","android.permission.WRITE_EXTERNAL_STORAGE","android.permission.READ_CONTACTS","android.permission.FOREGROUND_SERVICE","android.permission.WRITE_CONTACTS","android.permission.READ_PHONE_STATE"] to 'com.eezy.ai.dev'
[debug] &amp#27;[35m[ADB]&amp#27;[39m Got the following command chunks to execute: [["pm","grant","com.eezy.ai.dev","android.permission.ACCESS_FINE_LOCATION",";","pm","grant","com.eezy.ai.dev","android.permission.ACCESS_COARSE_LOCATION",";","pm","grant","com.eezy.ai.dev","android.permission.READ_EXTERNAL_STORAGE",";","pm","grant","com.eezy.ai.dev","android.permission.WRITE_EXTERNAL_STORAGE",";","pm","grant","com.eezy.ai.dev","android.permission.READ_CONTACTS",";","pm","grant","com.eezy.ai.dev","android.permission.FOREGROUND_SERVICE",";","pm","grant","com.eezy.ai.dev","android.permission.WRITE_CONTACTS",";","pm","grant","com.eezy.ai.dev","android.permission.READ_PHONE_STATE",";"]]
[debug] &amp#27;[35m[ADB]&amp#27;[39m Running 'C:\Users\Rajiv\AppData\Local\Android\Sdk\platform-tools\adb.exe -P 5037 -s bfe7d6690803 shell pm grant com.eezy.ai.dev android.permission.ACCESS_FINE_LOCATION ; pm grant com.eezy.ai.dev android.permission.ACCESS_COARSE_LOCATION ; pm grant com.eezy.ai.dev android.permission.READ_EXTERNAL_STORAGE ; pm grant com.eezy.ai.dev android.permission.WRITE_EXTERNAL_STORAGE ; pm grant com.eezy.ai.dev android.permission.READ_CONTACTS ; pm grant com.eezy.ai.dev android.permission.FOREGROUND_SERVICE ; pm grant com.eezy.ai.dev android.permission.WRITE_CONTACTS ; pm grant com.eezy.ai.dev android.permission.READ_PHONE_STATE ;'
[debug] &amp#27;[35m[AndroidDriver]&amp#27;[39m Performed fast reset on the installed 'com.eezy.ai.dev' application (stop and clear)
[debug] &amp#27;[35m[UiAutomator2]&amp#27;[39m Performing shallow cleanup of automation leftovers
[debug] &amp#27;[35m[UiAutomator2]&amp#27;[39m No obsolete sessions have been detected (socket hang up)
[debug] &amp#27;[35m[ADB]&amp#27;[39m Running 'C:\Users\Rajiv\AppData\Local\Android\Sdk\platform-tools\adb.exe -P 5037 -s bfe7d6690803 shell am force-stop io.appium.uiautomator2.server.test'
&amp#27;[35m[UiAutomator2]&amp#27;[39m Starting UIAutomator2 server 4.17.4
&amp#27;[35m[UiAutomator2]&amp#27;[39m Using UIAutomator2 server from 'C:\Users\Rajiv\AppData\Roaming\npm\node_modules\appium\node_modules\appium-uiautomator2-server\apks\appium-uiautomator2-server-v4.17.4.apk' and test from 'C:\Users\Rajiv\AppData\Roaming\npm\node_modules\appium\node_modules\appium-uiautomator2-server\apks\appium-uiautomator2-server-debug-androidTest.apk'
&amp#27;[35m[UiAutomator2]&amp#27;[39m Waiting up to 30000ms for UiAutomator2 to be online...
[debug] &amp#27;[35m[ADB]&amp#27;[39m Creating ADB subprocess with args: ["-P",5037,"-s","bfe7d6690803","shell","am","instrument","-w","io.appium.uiautomator2.server.test/androidx.test.runner.AndroidJUnitRunner"]
[debug] &amp#27;[35m[WD Proxy]&amp#27;[39m Matched '/status' to command name 'getStatus'
[debug] &amp#27;[35m[WD Proxy]&amp#27;[39m Proxying [GET /status] to [GET http://127.0.0.1:8200/wd/hub/status] with no body
&amp#27;[35m[WD Proxy]&amp#27;[39m socket hang up
[debug] &amp#27;[35m[WD Proxy]&amp#27;[39m Matched '/status' to command name 'getStatus'
[debug] &amp#27;[35m[WD Proxy]&amp#27;[39m Proxying [GET /status] to [GET http://127.0.0.1:8200/wd/hub/status] with no body
&amp#27;[35m[WD Proxy]&amp#27;[39m socket hang up
[debug] &amp#27;[35m[Instrumentation]&amp#27;[39m io.appium.uiautomator2.server.test.AppiumUiAutomator2Server:
[debug] &amp#27;[35m[WD Proxy]&amp#27;[39m Matched '/status' to command name 'getStatus'
[debug] &amp#27;[35m[WD Proxy]&amp#27;[39m Proxying [GET /status] to [GET http://127.0.0.1:8200/wd/hub/status] with no body
&amp#27;[35m[WD Proxy]&amp#27;[39m socket hang up
[debug] &amp#27;[35m[WD Proxy]&amp#27;[39m Matched '/status' to command name 'getStatus'
[debug] &amp#27;[35m[WD Proxy]&amp#27;[39m Proxying [GET /status] to [GET http://127.0.0.1:8200/wd/hub/status] with no body
[debug] &amp#27;[35m[WD Proxy]&amp#27;[39m Got response with status 200: {"sessionId":"None","value":{"message":"UiAutomator2 Server is ready to accept commands","ready":true}}
[debug] &amp#27;[35m[UiAutomator2]&amp#27;[39m The initialization of the instrumentation process took 3104ms
[debug] &amp#27;[35m[WD Proxy]&amp#27;[39m Matched '/session' to command name 'createSession'
[debug] &amp#27;[35m[WD Proxy]&amp#27;[39m Proxying [POST /session] to [POST http://127.0.0.1:8200/wd/hub/session] with body: {"capabilities":{"firstMatch":[{"platform":"LINUX","webStorageEnabled":false,"takesScreenshot":true,"javascriptEnabled":true,"databaseEnabled":false,"networkConnectionEnabled":true,"locationContextEnabled":false,"warnings":{},"desired":{"platformName":"android","UDID":"bfe7d6690803","appActivity":"com.natife.eezy.MainActivity","appPackage":"com.eezy.ai.dev","autoGrantPermissions":true,"automationName":"Appium","deviceName":"MyLittleMonster","platformVersion":"7.0"},"platformName":"android","UDID":"bfe7d6690803","appActivity":"com.natife.eezy.MainActivity","appPackage":"com.eezy.ai.dev","autoGrantPermissions":true,"automationName":"Appium","deviceName":"bfe7d6690803","platformVersion":"7.0","deviceUDID":"bfe7d6690803"}],"alwaysMatch":{}}}
[debug] &amp#27;[35m[WD Proxy]&amp#27;[39m Got response with status 200: {"sessionId":"d4c6e067-6377-42f0-82d9-e1a4aa699597","value":{"capabilities":{"firstMatch":[{"platform":"LINUX","webStorageEnabled":false,"takesScreenshot":true,"javascriptEnabled":true,"databaseEnabled":false,"networkConnectionEnabled":true,"locationContextEnabled":false,"warnings":{},"desired":{"platformName":"android","UDID":"bfe7d6690803","appActivity":"com.natife.eezy.MainActivity","appPackage":"com.eezy.ai.dev","autoGrantPermissions":true,"automationName":"Appium","deviceName":"MyLittleMonster","platformVersion":"7.0"},"platformName":"android","UDID":"bfe7d6690803","appActivity":"com.natife.eezy.MainActivity","appPackage":"com.eezy.ai.dev","autoGrantPermissions":true,"automationName":"Appium","deviceName":"bfe7d6690803","platformVersion":"7.0","deviceUDID":"bfe7d6690803"}],"alwaysMatch":{}},"sessionId":"d4c6e067-6377-42f0-82d9-e1a4aa699597"}}
&amp#27;[35m[WD Proxy]&amp#27;[39m Determined the downstream protocol as 'W3C'
[debug] &amp#27;[35m[WD Proxy]&amp#27;[39m Proxying [GET /appium/device/info] to [GET http://127.0.0.1:8200/wd/hub/session/d4c6e067-6377-42f0-82d9-e1a4aa699597/appium/device/info] with no body
[debug] &amp#27;[35m[WD Proxy]&amp#27;[39m Got response with status 200: {"sessionId":"d4c6e067-6377-42f0-82d9-e1a4aa699597","value":{"androidId":"493cf81125032c7f","apiVersion":"24","bluetooth":{"state":"ON"},"brand":"xiaomi","carrierName":"Vodafone IN","displayDensity":480,"locale":"en_IN","manufacturer":"Xiaomi","model":"Redmi Note 4","networks":[{"capabilities":{"SSID":null,"linkDownBandwidthKbps":1048576,"linkUpstreamBandwidthKbps":1048576,"networkCapabilities":"NET_CAPABILITY_NOT_METERED,NET_CAPABILITY_NOT_RESTRICTED,NET_CAPABILITY_NOT_VPN,NET_CAPABILITY_INTERNET,NET_CAPABILITY_TRUSTED,NET_CAPABILITY_VALIDATED","signalStrength":-81,"transportTypes":"TRANSPORT_WIFI"},"detailedState":"CONNECTED","extraInfo":"\"Rajiv 5G\"","isAvailable":true,"isConnected":true,"isFailover":false,"isRoaming":false,"state":"CONNECTED","subtype":0,"subtypeName":"","type":1,"typeName":"WIFI"}],"platformVersion":"7.0","realDisplaySize":"1080x1920","timeZone":"Asia/Calcutta"}}
[debug] &amp#27;[35m[ADB]&amp#27;[39m Running 'C:\Users\Rajiv\AppData\Local\Android\Sdk\platform-tools\adb.exe -P 5037 -s bfe7d6690803 shell dumpsys window'
&amp#27;[35m[AndroidDriver]&amp#27;[39m Screen already unlocked, doing nothing
&amp#27;[35m[UiAutomator2]&amp#27;[39m Starting 'com.eezy.ai.dev/com.natife.eezy.MainActivity and waiting for 'com.eezy.ai.dev/com.natife.eezy.MainActivity'
[debug] &amp#27;[35m[ADB]&amp#27;[39m Running 'C:\Users\Rajiv\AppData\Local\Android\Sdk\platform-tools\adb.exe -P 5037 -s bfe7d6690803 shell am start -W -n com.eezy.ai.dev/com.natife.eezy.MainActivity -S -a android.intent.action.MAIN -c android.intent.category.LAUNCHER -f 0x10200000'
[debug] &amp#27;[35m[WD Proxy]&amp#27;[39m Proxying [GET /appium/device/pixel_ratio] to [GET http://127.0.0.1:8200/wd/hub/session/d4c6e067-6377-42f0-82d9-e1a4aa699597/appium/device/pixel_ratio] with no body
[debug] &amp#27;[35m[WD Proxy]&amp#27;[39m Got response with status 200: {"sessionId":"d4c6e067-6377-42f0-82d9-e1a4aa699597","value":3}
[debug] &amp#27;[35m[WD Proxy]&amp#27;[39m Matched '/appium/device/system_bars' to command name 'getSystemBars'
[debug] &amp#27;[35m[WD Proxy]&amp#27;[39m Proxying [GET /appium/device/system_bars] to [GET http://127.0.0.1:8200/wd/hub/session/d4c6e067-6377-42f0-82d9-e1a4aa699597/appium/device/system_bars] with no body
[debug] &amp#27;[35m[WD Proxy]&amp#27;[39m Got response with status 200: {"sessionId":"d4c6e067-6377-42f0-82d9-e1a4aa699597","value":{"statusBar":72}}
[debug] &amp#27;[35m[WD Proxy]&amp#27;[39m Matched '/window/current/size' to command name 'getWindowSize'
[debug] &amp#27;[35m[WD Proxy]&amp#27;[39m Proxying [GET /window/current/size] to [GET http://127.0.0.1:8200/wd/hub/session/d4c6e067-6377-42f0-82d9-e1a4aa699597/window/current/size] with no body
[debug] &amp#27;[35m[WD Proxy]&amp#27;[39m Got response with status 200: {"sessionId":"d4c6e067-6377-42f0-82d9-e1a4aa699597","value":{"height":1920,"width":1080}}
&amp#27;[35m[Appium]&amp#27;[39m New AndroidUiautomator2Driver session created successfully, session 6325cddf-10c9-4f5c-af0c-6f0cac588a23 added to master session list
[debug] &amp#27;[35m[BaseDriver]&amp#27;[39m Event 'newSessionStarted' logged at 1619597470390 (13:41:10 GMT+0530 (India Standard Time))
[debug] &amp#27;[35m[W3C (6325cddf)]&amp#27;[39m Cached the protocol value 'W3C' for the new session 6325cddf-10c9-4f5c-af0c-6f0cac588a23
[debug] &amp#27;[35m[W3C (6325cddf)]&amp#27;[39m Responding to client with driver.createSession() result: {"capabilities":{"platform":"LINUX","webStorageEnabled":false,"takesScreenshot":true,"javascriptEnabled":true,"databaseEnabled":false,"networkConnectionEnabled":true,"locationContextEnabled":false,"warnings":{},"desired":{"platformName":"android","UDID":"bfe7d6690803","appActivity":"com.natife.eezy.MainActivity","appPackage":"com.eezy.ai.dev","autoGrantPermissions":true,"automationName":"Appium","deviceName":"MyLittleMonster","platformVersion":"7.0"},"platformName":"android","UDID":"bfe7d6690803","appActivity":"com.natife.eezy.MainActivity","appPackage":"com.eezy.ai.dev","autoGrantPermissions":true,"automationName":"Appium","deviceName":"bfe7d6690803","platformVersion":"7.0","deviceUDID":"bfe7d6690803","deviceApiLevel":24,"deviceScreenSize":"1080x1920","deviceScreenDensity":480,"deviceModel":"Redmi Note 4","deviceManufacturer":"Xiaomi","pixelRatio":3,"statBarHeight":72,"viewportRect":{"left":0,"top":72,"width":1080,"height":1848}}}
&amp#27;[35m[HTTP]&amp#27;[39m &amp#27;[37m<-- POST /wd/hub/session &amp#27;[39m&amp#27;[32m200&amp#27;[39m &amp#27;[90m38890 ms - 1006&amp#27;[39m
&amp#27;[35m[HTTP]&amp#27;[39m &amp#27;[90m&amp#27;[39m
&amp#27;[35m[HTTP]&amp#27;[39m &amp#27;[37m-->&amp#27;[39m &amp#27;[37mPOST&amp#27;[39m &amp#27;[37m/wd/hub/session/6325cddf-10c9-4f5c-af0c-6f0cac588a23/timeouts&amp#27;[39m
&amp#27;[35m[HTTP]&amp#27;[39m &amp#27;[90m{"implicit":15000}&amp#27;[39m
[debug] &amp#27;[35m[W3C (6325cddf)]&amp#27;[39m Calling AppiumDriver.timeouts() with args: [null,null,null,null,15000,"6325cddf-10c9-4f5c-af0c-6f0cac588a23"]
[debug] &amp#27;[35m[BaseDriver]&amp#27;[39m W3C timeout argument: {"implicit":15000}}
[debug] &amp#27;[35m[BaseDriver]&amp#27;[39m Set implicit wait to 15000ms
[debug] &amp#27;[35m[W3C (6325cddf)]&amp#27;[39m Responding to client with driver.timeouts() result: null
&amp#27;[35m[HTTP]&amp#27;[39m &amp#27;[37m<-- POST /wd/hub/session/6325cddf-10c9-4f5c-af0c-6f0cac588a23/timeouts &amp#27;[39m&amp#27;[32m200&amp#27;[39m &amp#27;[90m11 ms - 14&amp#27;[39m
&amp#27;[35m[HTTP]&amp#27;[39m &amp#27;[90m&amp#27;[39m
&amp#27;[35m[HTTP]&amp#27;[39m &amp#27;[37m-->&amp#27;[39m &amp#27;[37mPOST&amp#27;[39m &amp#27;[37m/wd/hub/session/6325cddf-10c9-4f5c-af0c-6f0cac588a23/appium/start_recording_screen&amp#27;[39m
&amp#27;[35m[HTTP]&amp#27;[39m &amp#27;[90m{}&amp#27;[39m
[debug] &amp#27;[35m[W3C (6325cddf)]&amp#27;[39m Calling AppiumDriver.startRecordingScreen() with args: [null,"6325cddf-10c9-4f5c-af0c-6f0cac588a23"]
[debug] &amp#27;[35m[ADB]&amp#27;[39m Getting IDs of all 'screenrecord' processes
[debug] &amp#27;[35m[ADB]&amp#27;[39m Running 'C:\Users\Rajiv\AppData\Local\Android\Sdk\platform-tools\adb.exe -P 5037 -s bfe7d6690803 shell 'pgrep ^screenrecord$ || pgrep ^screenrecord$''
&amp#27;[35m[AndroidDriver]&amp#27;[39m Screen recording has not been previously started by Appium. There is nothing to stop
[debug] &amp#27;[35m[ADB]&amp#27;[39m Getting IDs of all 'screenrecord' processes
[debug] &amp#27;[35m[ADB]&amp#27;[39m Running 'C:\Users\Rajiv\AppData\Local\Android\Sdk\platform-tools\adb.exe -P 5037 -s bfe7d6690803 shell 'pgrep ^screenrecord$ || pgrep ^screenrecord$''
[debug] &amp#27;[35m[ADB]&amp#27;[39m Building screenrecord process with the command line: adb -P 5037 -s bfe7d6690803 shell screenrecord --time-limit 180 /sdcard/90477ad0.mp4
[debug] &amp#27;[35m[ADB]&amp#27;[39m Running 'C:\Users\Rajiv\AppData\Local\Android\Sdk\platform-tools\adb.exe -P 5037 -s bfe7d6690803 shell "[ -e '/sdcard/90477ad0.mp4' ] && echo __PASS__"'
[debug] &amp#27;[35m[ADB]&amp#27;[39m Running 'C:\Users\Rajiv\AppData\Local\Android\Sdk\platform-tools\adb.exe -P 5037 -s bfe7d6690803 shell "[ -e '/sdcard/90477ad0.mp4' ] && echo __PASS__"'
[debug] &amp#27;[35m[W3C (6325cddf)]&amp#27;[39m Responding to client with driver.startRecordingScreen() result: ""
&amp#27;[35m[HTTP]&amp#27;[39m &amp#27;[37m<-- POST /wd/hub/session/6325cddf-10c9-4f5c-af0c-6f0cac588a23/appium/start_recording_screen &amp#27;[39m&amp#27;[32m200&amp#27;[39m &amp#27;[90m1237 ms - 12&amp#27;[39m
&amp#27;[35m[HTTP]&amp#27;[39m &amp#27;[90m&amp#27;[39m
&amp#27;[35m[HTTP]&amp#27;[39m &amp#27;[37m-->&amp#27;[39m &amp#27;[37mGET&amp#27;[39m &amp#27;[37m/wd/hub/session/6325cddf-10c9-4f5c-af0c-6f0cac588a23/context&amp#27;[39m
&amp#27;[35m[HTTP]&amp#27;[39m &amp#27;[90m{}&amp#27;[39m
[debug] &amp#27;[35m[W3C (6325cddf)]&amp#27;[39m Calling AppiumDriver.getCurrentContext() with args: ["6325cddf-10c9-4f5c-af0c-6f0cac588a23"]
[debug] &amp#27;[35m[W3C (6325cddf)]&amp#27;[39m Responding to client with driver.getCurrentContext() result: "NATIVE_APP"
&amp#27;[35m[HTTP]&amp#27;[39m &amp#27;[37m<-- GET /wd/hub/session/6325cddf-10c9-4f5c-af0c-6f0cac588a23/context &amp#27;[39m&amp#27;[32m200&amp#27;[39m &amp#27;[90m16 ms - 22&amp#27;[39m
&amp#27;[35m[HTTP]&amp#27;[39m &amp#27;[90m&amp#27;[39m
&amp#27;[35m[HTTP]&amp#27;[39m &amp#27;[37m-->&amp#27;[39m &amp#27;[37mPOST&amp#27;[39m &amp#27;[37m/wd/hub/session/6325cddf-10c9-4f5c-af0c-6f0cac588a23/element&amp#27;[39m
&amp#27;[35m[HTTP]&amp#27;[39m &amp#27;[90m{"using":"id","value":"com.eezy.ai.dev:id/wizardLoginTextView"}&amp#27;[39m
[debug] &amp#27;[35m[W3C (6325cddf)]&amp#27;[39m Calling AppiumDriver.findElement() with args: ["id","com.eezy.ai.dev:id/wizardLoginTextView","6325cddf-10c9-4f5c-af0c-6f0cac588a23"]
[debug] &amp#27;[35m[BaseDriver]&amp#27;[39m Valid locator strategies for this request: xpath, id, class name, accessibility id, css selector, -android uiautomator
[debug] &amp#27;[35m[BaseDriver]&amp#27;[39m Waiting up to 15000 ms for condition
[debug] &amp#27;[35m[WD Proxy]&amp#27;[39m Matched '/element' to command name 'findElement'
[debug] &amp#27;[35m[WD Proxy]&amp#27;[39m Proxying [POST /element] to [POST http://127.0.0.1:8200/wd/hub/session/d4c6e067-6377-42f0-82d9-e1a4aa699597/element] with body: {"strategy":"id","selector":"com.eezy.ai.dev:id/wizardLoginTextView","context":"","multiple":false}
&amp#27;[35m[WD Proxy]&amp#27;[39m Got response with status 404: {"sessionId":"d4c6e067-6377-42f0-82d9-e1a4aa699597","value":{"error":"no such element","message":"An element could not be located on the page using the given search parameters","stacktrace":"io.appium.uiautomator2.common.exceptions.ElementNotFoundException: An element could not be located on the page using the given search parameters\n\tat io.appium.uiautomator2.handler.FindElement.safeHandle(FindElement.java:70)\n\tat io.appium.uiautomator2.handler.request.SafeRequestHandler.handle(SafeRequestHandler.java:41)\n\tat io.appium.uiautomator2.server.AppiumServlet.handleRequest(AppiumServlet.java:261)\n\tat io.appium.uiautomator2.server.AppiumServlet.handleHttpRequest(AppiumServlet.java:255)\n\tat io.appium.uiautomator2.http.ServerHandler.channelRead(ServerHandler.java:68)\n\tat io.netty.channel.AbstractChannelHandlerContext.invokeChannelRead(AbstractChannelHandlerContext.java:366)\n\tat io.netty.channel.AbstractChannelHandlerContext.invokeChannelRead(AbstractChannelHandlerContext.java:352)\n\tat io.netty.chann...
[debug] &amp#27;[35m[W3C]&amp#27;[39m Matched W3C error code 'no such element' to NoSuchElementError
[debug] &amp#27;[35m[BaseDriver]&amp#27;[39m Waited for 126 ms so far
[debug] &amp#27;[35m[WD Proxy]&amp#27;[39m Matched '/element' to command name 'findElement'
[debug] &amp#27;[35m[WD Proxy]&amp#27;[39m Proxying [POST /element] to [POST http://127.0.0.1:8200/wd/hub/session/d4c6e067-6377-42f0-82d9-e1a4aa699597/element] with body: {"strategy":"id","selector":"com.eezy.ai.dev:id/wizardLoginTextView","context":"","multiple":false}
[debug] &amp#27;[35m[WD Proxy]&amp#27;[39m Got response with status 200: {"sessionId":"d4c6e067-6377-42f0-82d9-e1a4aa699597","value":{"ELEMENT":"f1d8a8ca-f9fe-4dcc-899d-acd5398992ef","element-6066-11e4-a52e-4f735466cecf":"f1d8a8ca-f9fe-4dcc-899d-acd5398992ef"}}
[debug] &amp#27;[35m[W3C (6325cddf)]&amp#27;[39m Responding to client with driver.findElement() result: {"element-6066-11e4-a52e-4f735466cecf":"f1d8a8ca-f9fe-4dcc-899d-acd5398992ef","ELEMENT":"f1d8a8ca-f9fe-4dcc-899d-acd5398992ef"}
&amp#27;[35m[HTTP]&amp#27;[39m &amp#27;[37m<-- POST /wd/hub/session/6325cddf-10c9-4f5c-af0c-6f0cac588a23/element &amp#27;[39m&amp#27;[32m200&amp#27;[39m &amp#27;[90m945 ms - 137&amp#27;[39m
&amp#27;[35m[HTTP]&amp#27;[39m &amp#27;[90m&amp#27;[39m
&amp#27;[35m[HTTP]&amp#27;[39m &amp#27;[37m-->&amp#27;[39m &amp#27;[37mGET&amp#27;[39m &amp#27;[37m/wd/hub/session/6325cddf-10c9-4f5c-af0c-6f0cac588a23/element/f1d8a8ca-f9fe-4dcc-899d-acd5398992ef/displayed&amp#27;[39m
&amp#27;[35m[HTTP]&amp#27;[39m &amp#27;[90m{}&amp#27;[39m
[debug] &amp#27;[35m[W3C (6325cddf)]&amp#27;[39m Calling AppiumDriver.elementDisplayed() with args: ["f1d8a8ca-f9fe-4dcc-899d-acd5398992ef","6325cddf-10c9-4f5c-af0c-6f0cac588a23"]
[debug] &amp#27;[35m[WD Proxy]&amp#27;[39m Matched '/element/f1d8a8ca-f9fe-4dcc-899d-acd5398992ef/attribute/displayed' to command name 'getAttribute'
[debug] &amp#27;[35m[WD Proxy]&amp#27;[39m Proxying [GET /element/f1d8a8ca-f9fe-4dcc-899d-acd5398992ef/attribute/displayed] to [GET http://127.0.0.1:8200/wd/hub/session/d4c6e067-6377-42f0-82d9-e1a4aa699597/element/f1d8a8ca-f9fe-4dcc-899d-acd5398992ef/attribute/displayed] with no body
[debug] &amp#27;[35m[WD Proxy]&amp#27;[39m Got response with status 200: {"sessionId":"d4c6e067-6377-42f0-82d9-e1a4aa699597","value":"true"}
[debug] &amp#27;[35m[W3C (6325cddf)]&amp#27;[39m Responding to client with driver.elementDisplayed() result: true
&amp#27;[35m[HTTP]&amp#27;[39m &amp#27;[37m<-- GET /wd/hub/session/6325cddf-10c9-4f5c-af0c-6f0cac588a23/element/f1d8a8ca-f9fe-4dcc-899d-acd5398992ef/displayed &amp#27;[39m&amp#27;[32m200&amp#27;[39m &amp#27;[90m967 ms - 14&amp#27;[39m
&amp#27;[35m[HTTP]&amp#27;[39m &amp#27;[90m&amp#27;[39m
&amp#27;[35m[HTTP]&amp#27;[39m &amp#27;[37m-->&amp#27;[39m &amp#27;[37mGET&amp#27;[39m &amp#27;[37m/wd/hub/session/6325cddf-10c9-4f5c-af0c-6f0cac588a23/context&amp#27;[39m
&amp#27;[35m[HTTP]&amp#27;[39m &amp#27;[90m{}&amp#27;[39m
[debug] &amp#27;[35m[W3C (6325cddf)]&amp#27;[39m Calling AppiumDriver.getCurrentContext() with args: ["6325cddf-10c9-4f5c-af0c-6f0cac588a23"]
[debug] &amp#27;[35m[W3C (6325cddf)]&amp#27;[39m Responding to client with driver.getCurrentContext() result: "NATIVE_APP"
&amp#27;[35m[HTTP]&amp#27;[39m &amp#27;[37m<-- GET /wd/hub/session/6325cddf-10c9-4f5c-af0c-6f0cac588a23/context &amp#27;[39m&amp#27;[32m200&amp#27;[39m &amp#27;[90m3 ms - 22&amp#27;[39m
&amp#27;[35m[HTTP]&amp#27;[39m &amp#27;[90m&amp#27;[39m
&amp#27;[35m[HTTP]&amp#27;[39m &amp#27;[37m-->&amp#27;[39m &amp#27;[37mPOST&amp#27;[39m &amp#27;[37m/wd/hub/session/6325cddf-10c9-4f5c-af0c-6f0cac588a23/element&amp#27;[39m
&amp#27;[35m[HTTP]&amp#27;[39m &amp#27;[90m{"using":"id","value":"com.eezy.ai.dev:id/wizardLoginTextView"}&amp#27;[39m
[debug] &amp#27;[35m[W3C (6325cddf)]&amp#27;[39m Calling AppiumDriver.findElement() with args: ["id","com.eezy.ai.dev:id/wizardLoginTextView","6325cddf-10c9-4f5c-af0c-6f0cac588a23"]
[debug] &amp#27;[35m[BaseDriver]&amp#27;[39m Valid locator strategies for this request: xpath, id, class name, accessibility id, css selector, -android uiautomator
[debug] &amp#27;[35m[BaseDriver]&amp#27;[39m Waiting up to 15000 ms for condition
[debug] &amp#27;[35m[WD Proxy]&amp#27;[39m Matched '/element' to command name 'findElement'
[debug] &amp#27;[35m[WD Proxy]&amp#27;[39m Proxying [POST /element] to [POST http://127.0.0.1:8200/wd/hub/session/d4c6e067-6377-42f0-82d9-e1a4aa699597/element] with body: {"strategy":"id","selector":"com.eezy.ai.dev:id/wizardLoginTextView","context":"","multiple":false}
[debug] &amp#27;[35m[WD Proxy]&amp#27;[39m Got response with status 200: {"sessionId":"d4c6e067-6377-42f0-82d9-e1a4aa699597","value":{"ELEMENT":"41bcf057-67dc-4cc0-a88d-36ef6a9677c6","element-6066-11e4-a52e-4f735466cecf":"41bcf057-67dc-4cc0-a88d-36ef6a9677c6"}}
[debug] &amp#27;[35m[W3C (6325cddf)]&amp#27;[39m Responding to client with driver.findElement() result: {"element-6066-11e4-a52e-4f735466cecf":"41bcf057-67dc-4cc0-a88d-36ef6a9677c6","ELEMENT":"41bcf057-67dc-4cc0-a88d-36ef6a9677c6"}
&amp#27;[35m[HTTP]&amp#27;[39m &amp#27;[37m<-- POST /wd/hub/session/6325cddf-10c9-4f5c-af0c-6f0cac588a23/element &amp#27;[39m&amp#27;[32m200&amp#27;[39m &amp#27;[90m46 ms - 137&amp#27;[39m
&amp#27;[35m[HTTP]&amp#27;[39m &amp#27;[90m&amp#27;[39m
&amp#27;[35m[HTTP]&amp#27;[39m &amp#27;[37m-->&amp#27;[39m &amp#27;[37mGET&amp#27;[39m &amp#27;[37m/wd/hub/session/6325cddf-10c9-4f5c-af0c-6f0cac588a23/element/41bcf057-67dc-4cc0-a88d-36ef6a9677c6/enabled&amp#27;[39m
&amp#27;[35m[HTTP]&amp#27;[39m &amp#27;[90m{}&amp#27;[39m
[debug] &amp#27;[35m[W3C (6325cddf)]&amp#27;[39m Calling AppiumDriver.elementEnabled() with args: ["41bcf057-67dc-4cc0-a88d-36ef6a9677c6","6325cddf-10c9-4f5c-af0c-6f0cac588a23"]
[debug] &amp#27;[35m[WD Proxy]&amp#27;[39m Matched '/element/41bcf057-67dc-4cc0-a88d-36ef6a9677c6/attribute/enabled' to command name 'getAttribute'
[debug] &amp#27;[35m[WD Proxy]&amp#27;[39m Proxying [GET /element/41bcf057-67dc-4cc0-a88d-36ef6a9677c6/attribute/enabled] to [GET http://127.0.0.1:8200/wd/hub/session/d4c6e067-6377-42f0-82d9-e1a4aa699597/element/41bcf057-67dc-4cc0-a88d-36ef6a9677c6/attribute/enabled] with no body
[debug] &amp#27;[35m[WD Proxy]&amp#27;[39m Got response with status 200: {"sessionId":"d4c6e067-6377-42f0-82d9-e1a4aa699597","value":"true"}
[debug] &amp#27;[35m[W3C (6325cddf)]&amp#27;[39m Responding to client with driver.elementEnabled() result: true
&amp#27;[35m[HTTP]&amp#27;[39m &amp#27;[37m<-- GET /wd/hub/session/6325cddf-10c9-4f5c-af0c-6f0cac588a23/element/41bcf057-67dc-4cc0-a88d-36ef6a9677c6/enabled &amp#27;[39m&amp#27;[32m200&amp#27;[39m &amp#27;[90m25 ms - 14&amp#27;[39m
&amp#27;[35m[HTTP]&amp#27;[39m &amp#27;[90m&amp#27;[39m
&amp#27;[35m[HTTP]&amp#27;[39m &amp#27;[37m-->&amp#27;[39m &amp#27;[37mGET&amp#27;[39m &amp#27;[37m/wd/hub/session/6325cddf-10c9-4f5c-af0c-6f0cac588a23/context&amp#27;[39m
&amp#27;[35m[HTTP]&amp#27;[39m &amp#27;[90m{}&amp#27;[39m
[debug] &amp#27;[35m[W3C (6325cddf)]&amp#27;[39m Calling AppiumDriver.getCurrentContext() with args: ["6325cddf-10c9-4f5c-af0c-6f0cac588a23"]
[debug] &amp#27;[35m[W3C (6325cddf)]&amp#27;[39m Responding to client with driver.getCurrentContext() result: "NATIVE_APP"
&amp#27;[35m[HTTP]&amp#27;[39m &amp#27;[37m<-- GET /wd/hub/session/6325cddf-10c9-4f5c-af0c-6f0cac588a23/context &amp#27;[39m&amp#27;[32m200&amp#27;[39m &amp#27;[90m3 ms - 22&amp#27;[39m
&amp#27;[35m[HTTP]&amp#27;[39m &amp#27;[90m&amp#27;[39m
&amp#27;[35m[HTTP]&amp#27;[39m &amp#27;[37m-->&amp#27;[39m &amp#27;[37mPOST&amp#27;[39m &amp#27;[37m/wd/hub/session/6325cddf-10c9-4f5c-af0c-6f0cac588a23/element&amp#27;[39m
&amp#27;[35m[HTTP]&amp#27;[39m &amp#27;[90m{"using":"id","value":"com.eezy.ai.dev:id/wizardLoginTextView"}&amp#27;[39m
[debug] &amp#27;[35m[W3C (6325cddf)]&amp#27;[39m Calling AppiumDriver.findElement() with args: ["id","com.eezy.ai.dev:id/wizardLoginTextView","6325cddf-10c9-4f5c-af0c-6f0cac588a23"]
[debug] &amp#27;[35m[BaseDriver]&amp#27;[39m Valid locator strategies for this request: xpath, id, class name, accessibility id, css selector, -android uiautomator
[debug] &amp#27;[35m[BaseDriver]&amp#27;[39m Waiting up to 15000 ms for condition
[debug] &amp#27;[35m[WD Proxy]&amp#27;[39m Matched '/element' to command name 'findElement'
[debug] &amp#27;[35m[WD Proxy]&amp#27;[39m Proxying [POST /element] to [POST http://127.0.0.1:8200/wd/hub/session/d4c6e067-6377-42f0-82d9-e1a4aa699597/element] with body: {"strategy":"id","selector":"com.eezy.ai.dev:id/wizardLoginTextView","context":"","multiple":false}
[debug] &amp#27;[35m[WD Proxy]&amp#27;[39m Got response with status 200: {"sessionId":"d4c6e067-6377-42f0-82d9-e1a4aa699597","value":{"ELEMENT":"2b16a2f7-b2c7-41a4-b833-3a039a04b1d9","element-6066-11e4-a52e-4f735466cecf":"2b16a2f7-b2c7-41a4-b833-3a039a04b1d9"}}
[debug] &amp#27;[35m[W3C (6325cddf)]&amp#27;[39m Responding to client with driver.findElement() result: {"element-6066-11e4-a52e-4f735466cecf":"2b16a2f7-b2c7-41a4-b833-3a039a04b1d9","ELEMENT":"2b16a2f7-b2c7-41a4-b833-3a039a04b1d9"}
&amp#27;[35m[HTTP]&amp#27;[39m &amp#27;[37m<-- POST /wd/hub/session/6325cddf-10c9-4f5c-af0c-6f0cac588a23/element &amp#27;[39m&amp#27;[32m200&amp#27;[39m &amp#27;[90m45 ms - 137&amp#27;[39m
&amp#27;[35m[HTTP]&amp#27;[39m &amp#27;[90m&amp#27;[39m
&amp#27;[35m[HTTP]&amp#27;[39m &amp#27;[37m-->&amp#27;[39m &amp#27;[37mPOST&amp#27;[39m &amp#27;[37m/wd/hub/session/6325cddf-10c9-4f5c-af0c-6f0cac588a23/element/2b16a2f7-b2c7-41a4-b833-3a039a04b1d9/click&amp#27;[39m
&amp#27;[35m[HTTP]&amp#27;[39m &amp#27;[90m{"id":"2b16a2f7-b2c7-41a4-b833-3a039a04b1d9"}&amp#27;[39m
[debug] &amp#27;[35m[W3C (6325cddf)]&amp#27;[39m Calling AppiumDriver.click() with args: ["2b16a2f7-b2c7-41a4-b833-3a039a04b1d9","6325cddf-10c9-4f5c-af0c-6f0cac588a23"]
[debug] &amp#27;[35m[WD Proxy]&amp#27;[39m Matched '/element/2b16a2f7-b2c7-41a4-b833-3a039a04b1d9/click' to command name 'click'
[debug] &amp#27;[35m[WD Proxy]&amp#27;[39m Proxying [POST /element/2b16a2f7-b2c7-41a4-b833-3a039a04b1d9/click] to [POST http://127.0.0.1:8200/wd/hub/session/d4c6e067-6377-42f0-82d9-e1a4aa699597/element/2b16a2f7-b2c7-41a4-b833-3a039a04b1d9/click] with body: {"element":"2b16a2f7-b2c7-41a4-b833-3a039a04b1d9"}
[debug] &amp#27;[35m[WD Proxy]&amp#27;[39m Got response with status 200: {"sessionId":"d4c6e067-6377-42f0-82d9-e1a4aa699597","value":null}
[debug] &amp#27;[35m[W3C (6325cddf)]&amp#27;[39m Responding to client with driver.click() result: null
&amp#27;[35m[HTTP]&amp#27;[39m &amp#27;[37m<-- POST /wd/hub/session/6325cddf-10c9-4f5c-af0c-6f0cac588a23/element/2b16a2f7-b2c7-41a4-b833-3a039a04b1d9/click &amp#27;[39m&amp#27;[32m200&amp#27;[39m &amp#27;[90m52 ms - 14&amp#27;[39m
&amp#27;[35m[HTTP]&amp#27;[39m &amp#27;[90m&amp#27;[39m
&amp#27;[35m[HTTP]&amp#27;[39m &amp#27;[37m-->&amp#27;[39m &amp#27;[37mGET&amp#27;[39m &amp#27;[37m/wd/hub/session/6325cddf-10c9-4f5c-af0c-6f0cac588a23/context&amp#27;[39m
&amp#27;[35m[HTTP]&amp#27;[39m &amp#27;[90m{}&amp#27;[39m
[debug] &amp#27;[35m[W3C (6325cddf)]&amp#27;[39m Calling AppiumDriver.getCurrentContext() with args: ["6325cddf-10c9-4f5c-af0c-6f0cac588a23"]
[debug] &amp#27;[35m[W3C (6325cddf)]&amp#27;[39m Responding to client with driver.getCurrentContext() result: "NATIVE_APP"
&amp#27;[35m[HTTP]&amp#27;[39m &amp#27;[37m<-- GET /wd/hub/session/6325cddf-10c9-4f5c-af0c-6f0cac588a23/context &amp#27;[39m&amp#27;[32m200&amp#27;[39m &amp#27;[90m3 ms - 22&amp#27;[39m
&amp#27;[35m[HTTP]&amp#27;[39m &amp#27;[90m&amp#27;[39m
&amp#27;[35m[HTTP]&amp#27;[39m &amp#27;[37m-->&amp#27;[39m &amp#27;[37mPOST&amp#27;[39m &amp#27;[37m/wd/hub/session/6325cddf-10c9-4f5c-af0c-6f0cac588a23/element&amp#27;[39m
&amp#27;[35m[HTTP]&amp#27;[39m &amp#27;[90m{"using":"id","value":"com.eezy.ai.dev:id/moreLoginOptions"}&amp#27;[39m
[debug] &amp#27;[35m[W3C (6325cddf)]&amp#27;[39m Calling AppiumDriver.findElement() with args: ["id","com.eezy.ai.dev:id/moreLoginOptions","6325cddf-10c9-4f5c-af0c-6f0cac588a23"]
[debug] &amp#27;[35m[BaseDriver]&amp#27;[39m Valid locator strategies for this request: xpath, id, class name, accessibility id, css selector, -android uiautomator
[debug] &amp#27;[35m[BaseDriver]&amp#27;[39m Waiting up to 15000 ms for condition
[debug] &amp#27;[35m[WD Proxy]&amp#27;[39m Matched '/element' to command name 'findElement'
[debug] &amp#27;[35m[WD Proxy]&amp#27;[39m Proxying [POST /element] to [POST http://127.0.0.1:8200/wd/hub/session/d4c6e067-6377-42f0-82d9-e1a4aa699597/element] with body: {"strategy":"id","selector":"com.eezy.ai.dev:id/moreLoginOptions","context":"","multiple":false}
[debug] &amp#27;[35m[WD Proxy]&amp#27;[39m Got response with status 200: {"sessionId":"d4c6e067-6377-42f0-82d9-e1a4aa699597","value":{"ELEMENT":"c14695d5-8bd1-46d7-8f98-a2ffd51bc274","element-6066-11e4-a52e-4f735466cecf":"c14695d5-8bd1-46d7-8f98-a2ffd51bc274"}}
[debug] &amp#27;[35m[W3C (6325cddf)]&amp#27;[39m Responding to client with driver.findElement() result: {"element-6066-11e4-a52e-4f735466cecf":"c14695d5-8bd1-46d7-8f98-a2ffd51bc274","ELEMENT":"c14695d5-8bd1-46d7-8f98-a2ffd51bc274"}
&amp#27;[35m[HTTP]&amp#27;[39m &amp#27;[37m<-- POST /wd/hub/session/6325cddf-10c9-4f5c-af0c-6f0cac588a23/element &amp#27;[39m&amp#27;[32m200&amp#27;[39m &amp#27;[90m612 ms - 137&amp#27;[39m
&amp#27;[35m[HTTP]&amp#27;[39m &amp#27;[90m&amp#27;[39m
&amp#27;[35m[HTTP]&amp#27;[39m &amp#27;[37m-->&amp#27;[39m &amp#27;[37mGET&amp#27;[39m &amp#27;[37m/wd/hub/session/6325cddf-10c9-4f5c-af0c-6f0cac588a23/element/c14695d5-8bd1-46d7-8f98-a2ffd51bc274/displayed&amp#27;[39m
&amp#27;[35m[HTTP]&amp#27;[39m &amp#27;[90m{}&amp#27;[39m
[debug] &amp#27;[35m[W3C (6325cddf)]&amp#27;[39m Calling AppiumDriver.elementDisplayed() with args: ["c14695d5-8bd1-46d7-8f98-a2ffd51bc274","6325cddf-10c9-4f5c-af0c-6f0cac588a23"]
[debug] &amp#27;[35m[WD Proxy]&amp#27;[39m Matched '/element/c14695d5-8bd1-46d7-8f98-a2ffd51bc274/attribute/displayed' to command name 'getAttribute'
[debug] &amp#27;[35m[WD Proxy]&amp#27;[39m Proxying [GET /element/c14695d5-8bd1-46d7-8f98-a2ffd51bc274/attribute/displayed] to [GET http://127.0.0.1:8200/wd/hub/session/d4c6e067-6377-42f0-82d9-e1a4aa699597/element/c14695d5-8bd1-46d7-8f98-a2ffd51bc274/attribute/displayed] with no body
[debug] &amp#27;[35m[WD Proxy]&amp#27;[39m Got response with status 200: {"sessionId":"d4c6e067-6377-42f0-82d9-e1a4aa699597","value":"true"}
[debug] &amp#27;[35m[W3C (6325cddf)]&amp#27;[39m Responding to client with driver.elementDisplayed() result: true
&amp#27;[35m[HTTP]&amp#27;[39m &amp#27;[37m<-- GET /wd/hub/session/6325cddf-10c9-4f5c-af0c-6f0cac588a23/element/c14695d5-8bd1-46d7-8f98-a2ffd51bc274/displayed &amp#27;[39m&amp#27;[32m200&amp#27;[39m &amp#27;[90m446 ms - 14&amp#27;[39m
&amp#27;[35m[HTTP]&amp#27;[39m &amp#27;[90m&amp#27;[39m
&amp#27;[35m[HTTP]&amp#27;[39m &amp#27;[37m-->&amp#27;[39m &amp#27;[37mGET&amp#27;[39m &amp#27;[37m/wd/hub/session/6325cddf-10c9-4f5c-af0c-6f0cac588a23/context&amp#27;[39m
&amp#27;[35m[HTTP]&amp#27;[39m &amp#27;[90m{}&amp#27;[39m
[debug] &amp#27;[35m[W3C (6325cddf)]&amp#27;[39m Calling AppiumDriver.getCurrentContext() with args: ["6325cddf-10c9-4f5c-af0c-6f0cac588a23"]
[debug] &amp#27;[35m[W3C (6325cddf)]&amp#27;[39m Responding to client with driver.getCurrentContext() result: "NATIVE_APP"
&amp#27;[35m[HTTP]&amp#27;[39m &amp#27;[37m<-- GET /wd/hub/session/6325cddf-10c9-4f5c-af0c-6f0cac588a23/context &amp#27;[39m&amp#27;[32m200&amp#27;[39m &amp#27;[90m2 ms - 22&amp#27;[39m
&amp#27;[35m[HTTP]&amp#27;[39m &amp#27;[90m&amp#27;[39m
&amp#27;[35m[HTTP]&amp#27;[39m &amp#27;[37m-->&amp#27;[39m &amp#27;[37mPOST&amp#27;[39m &amp#27;[37m/wd/hub/session/6325cddf-10c9-4f5c-af0c-6f0cac588a23/element&amp#27;[39m
&amp#27;[35m[HTTP]&amp#27;[39m &amp#27;[90m{"using":"id","value":"com.eezy.ai.dev:id/moreLoginOptions"}&amp#27;[39m
[debug] &amp#27;[35m[W3C (6325cddf)]&amp#27;[39m Calling AppiumDriver.findElement() with args: ["id","com.eezy.ai.dev:id/moreLoginOptions","6325cddf-10c9-4f5c-af0c-6f0cac588a23"]
[debug] &amp#27;[35m[BaseDriver]&amp#27;[39m Valid locator strategies for this request: xpath, id, class name, accessibility id, css selector, -android uiautomator
[debug] &amp#27;[35m[BaseDriver]&amp#27;[39m Waiting up to 15000 ms for condition
[debug] &amp#27;[35m[WD Proxy]&amp#27;[39m Matched '/element' to command name 'findElement'
[debug] &amp#27;[35m[WD Proxy]&amp#27;[39m Proxying [POST /element] to [POST http://127.0.0.1:8200/wd/hub/session/d4c6e067-6377-42f0-82d9-e1a4aa699597/element] with body: {"strategy":"id","selector":"com.eezy.ai.dev:id/moreLoginOptions","context":"","multiple":false}
[debug] &amp#27;[35m[WD Proxy]&amp#27;[39m Got response with status 200: {"sessionId":"d4c6e067-6377-42f0-82d9-e1a4aa699597","value":{"ELEMENT":"bdf9504f-1426-4364-bf6f-012f144301c8","element-6066-11e4-a52e-4f735466cecf":"bdf9504f-1426-4364-bf6f-012f144301c8"}}
[debug] &amp#27;[35m[W3C (6325cddf)]&amp#27;[39m Responding to client with driver.findElement() result: {"element-6066-11e4-a52e-4f735466cecf":"bdf9504f-1426-4364-bf6f-012f144301c8","ELEMENT":"bdf9504f-1426-4364-bf6f-012f144301c8"}
&amp#27;[35m[HTTP]&amp#27;[39m &amp#27;[37m<-- POST /wd/hub/session/6325cddf-10c9-4f5c-af0c-6f0cac588a23/element &amp#27;[39m&amp#27;[32m200&amp#27;[39m &amp#27;[90m48 ms - 137&amp#27;[39m
&amp#27;[35m[HTTP]&amp#27;[39m &amp#27;[90m&amp#27;[39m
&amp#27;[35m[HTTP]&amp#27;[39m &amp#27;[37m-->&amp#27;[39m &amp#27;[37mGET&amp#27;[39m &amp#27;[37m/wd/hub/session/6325cddf-10c9-4f5c-af0c-6f0cac588a23/element/bdf9504f-1426-4364-bf6f-012f144301c8/enabled&amp#27;[39m
&amp#27;[35m[HTTP]&amp#27;[39m &amp#27;[90m{}&amp#27;[39m
[debug] &amp#27;[35m[W3C (6325cddf)]&amp#27;[39m Calling AppiumDriver.elementEnabled() with args: ["bdf9504f-1426-4364-bf6f-012f144301c8","6325cddf-10c9-4f5c-af0c-6f0cac588a23"]
[debug] &amp#27;[35m[WD Proxy]&amp#27;[39m Matched '/element/bdf9504f-1426-4364-bf6f-012f144301c8/attribute/enabled' to command name 'getAttribute'
[debug] &amp#27;[35m[WD Proxy]&amp#27;[39m Proxying [GET /element/bdf9504f-1426-4364-bf6f-012f144301c8/attribute/enabled] to [GET http://127.0.0.1:8200/wd/hub/session/d4c6e067-6377-42f0-82d9-e1a4aa699597/element/bdf9504f-1426-4364-bf6f-012f144301c8/attribute/enabled] with no body
[debug] &amp#27;[35m[WD Proxy]&amp#27;[39m Got response with status 200: {"sessionId":"d4c6e067-6377-42f0-82d9-e1a4aa699597","value":"true"}
[debug] &amp#27;[35m[W3C (6325cddf)]&amp#27;[39m Responding to client with driver.elementEnabled() result: true
&amp#27;[35m[HTTP]&amp#27;[39m &amp#27;[37m<-- GET /wd/hub/session/6325cddf-10c9-4f5c-af0c-6f0cac588a23/element/bdf9504f-1426-4364-bf6f-012f144301c8/enabled &amp#27;[39m&amp#27;[32m200&amp#27;[39m &amp#27;[90m50 ms - 14&amp#27;[39m
&amp#27;[35m[HTTP]&amp#27;[39m &amp#27;[90m&amp#27;[39m
&amp#27;[35m[HTTP]&amp#27;[39m &amp#27;[37m-->&amp#27;[39m &amp#27;[37mGET&amp#27;[39m &amp#27;[37m/wd/hub/session/6325cddf-10c9-4f5c-af0c-6f0cac588a23/context&amp#27;[39m
&amp#27;[35m[HTTP]&amp#27;[39m &amp#27;[90m{}&amp#27;[39m
[debug] &amp#27;[35m[W3C (6325cddf)]&amp#27;[39m Calling AppiumDriver.getCurrentContext() with args: ["6325cddf-10c9-4f5c-af0c-6f0cac588a23"]
[debug] &amp#27;[35m[W3C (6325cddf)]&amp#27;[39m Responding to client with driver.getCurrentContext() result: "NATIVE_APP"
&amp#27;[35m[HTTP]&amp#27;[39m &amp#27;[37m<-- GET /wd/hub/session/6325cddf-10c9-4f5c-af0c-6f0cac588a23/context &amp#27;[39m&amp#27;[32m200&amp#27;[39m &amp#27;[90m3 ms - 22&amp#27;[39m
&amp#27;[35m[HTTP]&amp#27;[39m &amp#27;[90m&amp#27;[39m
&amp#27;[35m[HTTP]&amp#27;[39m &amp#27;[37m-->&amp#27;[39m &amp#27;[37mPOST&amp#27;[39m &amp#27;[37m/wd/hub/session/6325cddf-10c9-4f5c-af0c-6f0cac588a23/element&amp#27;[39m
&amp#27;[35m[HTTP]&amp#27;[39m &amp#27;[90m{"using":"id","value":"com.eezy.ai.dev:id/moreLoginOptions"}&amp#27;[39m
[debug] &amp#27;[35m[W3C (6325cddf)]&amp#27;[39m Calling AppiumDriver.findElement() with args: ["id","com.eezy.ai.dev:id/moreLoginOptions","6325cddf-10c9-4f5c-af0c-6f0cac588a23"]
[debug] &amp#27;[35m[BaseDriver]&amp#27;[39m Valid locator strategies for this request: xpath, id, class name, accessibility id, css selector, -android uiautomator
[debug] &amp#27;[35m[BaseDriver]&amp#27;[39m Waiting up to 15000 ms for condition
[debug] &amp#27;[35m[WD Proxy]&amp#27;[39m Matched '/element' to command name 'findElement'
[debug] &amp#27;[35m[WD Proxy]&amp#27;[39m Proxying [POST /element] to [POST http://127.0.0.1:8200/wd/hub/session/d4c6e067-6377-42f0-82d9-e1a4aa699597/element] with body: {"strategy":"id","selector":"com.eezy.ai.dev:id/moreLoginOptions","context":"","multiple":false}
[debug] &amp#27;[35m[WD Proxy]&amp#27;[39m Got response with status 200: {"sessionId":"d4c6e067-6377-42f0-82d9-e1a4aa699597","value":{"ELEMENT":"7cb2ed78-72a8-4f98-b698-0210058cd206","element-6066-11e4-a52e-4f735466cecf":"7cb2ed78-72a8-4f98-b698-0210058cd206"}}
[debug] &amp#27;[35m[W3C (6325cddf)]&amp#27;[39m Responding to client with driver.findElement() result: {"element-6066-11e4-a52e-4f735466cecf":"7cb2ed78-72a8-4f98-b698-0210058cd206","ELEMENT":"7cb2ed78-72a8-4f98-b698-0210058cd206"}
&amp#27;[35m[HTTP]&amp#27;[39m &amp#27;[37m<-- POST /wd/hub/session/6325cddf-10c9-4f5c-af0c-6f0cac588a23/element &amp#27;[39m&amp#27;[32m200&amp#27;[39m &amp#27;[90m40 ms - 137&amp#27;[39m
&amp#27;[35m[HTTP]&amp#27;[39m &amp#27;[90m&amp#27;[39m
&amp#27;[35m[HTTP]&amp#27;[39m &amp#27;[37m-->&amp#27;[39m &amp#27;[37mPOST&amp#27;[39m &amp#27;[37m/wd/hub/session/6325cddf-10c9-4f5c-af0c-6f0cac588a23/element/7cb2ed78-72a8-4f98-b698-0210058cd206/click&amp#27;[39m
&amp#27;[35m[HTTP]&amp#27;[39m &amp#27;[90m{"id":"7cb2ed78-72a8-4f98-b698-0210058cd206"}&amp#27;[39m
[debug] &amp#27;[35m[W3C (6325cddf)]&amp#27;[39m Calling AppiumDriver.click() with args: ["7cb2ed78-72a8-4f98-b698-0210058cd206","6325cddf-10c9-4f5c-af0c-6f0cac588a23"]
[debug] &amp#27;[35m[WD Proxy]&amp#27;[39m Matched '/element/7cb2ed78-72a8-4f98-b698-0210058cd206/click' to command name 'click'
[debug] &amp#27;[35m[WD Proxy]&amp#27;[39m Proxying [POST /element/7cb2ed78-72a8-4f98-b698-0210058cd206/click] to [POST http://127.0.0.1:8200/wd/hub/session/d4c6e067-6377-42f0-82d9-e1a4aa699597/element/7cb2ed78-72a8-4f98-b698-0210058cd206/click] with body: {"element":"7cb2ed78-72a8-4f98-b698-0210058cd206"}
[debug] &amp#27;[35m[WD Proxy]&amp#27;[39m Got response with status 200: {"sessionId":"d4c6e067-6377-42f0-82d9-e1a4aa699597","value":null}
[debug] &amp#27;[35m[W3C (6325cddf)]&amp#27;[39m Responding to client with driver.click() result: null
&amp#27;[35m[HTTP]&amp#27;[39m &amp#27;[37m<-- POST /wd/hub/session/6325cddf-10c9-4f5c-af0c-6f0cac588a23/element/7cb2ed78-72a8-4f98-b698-0210058cd206/click &amp#27;[39m&amp#27;[32m200&amp#27;[39m &amp#27;[90m29 ms - 14&amp#27;[39m
&amp#27;[35m[HTTP]&amp#27;[39m &amp#27;[90m&amp#27;[39m
&amp#27;[35m[HTTP]&amp#27;[39m &amp#27;[37m-->&amp#27;[39m &amp#27;[37mGET&amp#27;[39m &amp#27;[37m/wd/hub/session/6325cddf-10c9-4f5c-af0c-6f0cac588a23/context&amp#27;[39m
&amp#27;[35m[HTTP]&amp#27;[39m &amp#27;[90m{}&amp#27;[39m
[debug] &amp#27;[35m[W3C (6325cddf)]&amp#27;[39m Calling AppiumDriver.getCurrentContext() with args: ["6325cddf-10c9-4f5c-af0c-6f0cac588a23"]
[debug] &amp#27;[35m[W3C (6325cddf)]&amp#27;[39m Responding to client with driver.getCurrentContext() result: "NATIVE_APP"
&amp#27;[35m[HTTP]&amp#27;[39m &amp#27;[37m<-- GET /wd/hub/session/6325cddf-10c9-4f5c-af0c-6f0cac588a23/context &amp#27;[39m&amp#27;[32m200&amp#27;[39m &amp#27;[90m3 ms - 22&amp#27;[39m
&amp#27;[35m[HTTP]&amp#27;[39m &amp#27;[90m&amp#27;[39m
&amp#27;[35m[HTTP]&amp#27;[39m &amp#27;[37m-->&amp#27;[39m &amp#27;[37mPOST&amp#27;[39m &amp#27;[37m/wd/hub/session/6325cddf-10c9-4f5c-af0c-6f0cac588a23/element&amp#27;[39m
&amp#27;[35m[HTTP]&amp#27;[39m &amp#27;[90m{"using":"id","value":"com.eezy.ai.dev:id/emailSignUp"}&amp#27;[39m
[debug] &amp#27;[35m[W3C (6325cddf)]&amp#27;[39m Calling AppiumDriver.findElement() with args: ["id","com.eezy.ai.dev:id/emailSignUp","6325cddf-10c9-4f5c-af0c-6f0cac588a23"]
[debug] &amp#27;[35m[BaseDriver]&amp#27;[39m Valid locator strategies for this request: xpath, id, class name, accessibility id, css selector, -android uiautomator
[debug] &amp#27;[35m[BaseDriver]&amp#27;[39m Waiting up to 15000 ms for condition
[debug] &amp#27;[35m[WD Proxy]&amp#27;[39m Matched '/element' to command name 'findElement'
[debug] &amp#27;[35m[WD Proxy]&amp#27;[39m Proxying [POST /element] to [POST http://127.0.0.1:8200/wd/hub/session/d4c6e067-6377-42f0-82d9-e1a4aa699597/element] with body: {"strategy":"id","selector":"com.eezy.ai.dev:id/emailSignUp","context":"","multiple":false}
[debug] &amp#27;[35m[WD Proxy]&amp#27;[39m Got response with status 200: {"sessionId":"d4c6e067-6377-42f0-82d9-e1a4aa699597","value":{"ELEMENT":"7e1538a0-0a1a-4fdb-90bc-7cb05dcabcda","element-6066-11e4-a52e-4f735466cecf":"7e1538a0-0a1a-4fdb-90bc-7cb05dcabcda"}}
[debug] &amp#27;[35m[W3C (6325cddf)]&amp#27;[39m Responding to client with driver.findElement() result: {"element-6066-11e4-a52e-4f735466cecf":"7e1538a0-0a1a-4fdb-90bc-7cb05dcabcda","ELEMENT":"7e1538a0-0a1a-4fdb-90bc-7cb05dcabcda"}
&amp#27;[35m[HTTP]&amp#27;[39m &amp#27;[37m<-- POST /wd/hub/session/6325cddf-10c9-4f5c-af0c-6f0cac588a23/element &amp#27;[39m&amp#27;[32m200&amp#27;[39m &amp#27;[90m628 ms - 137&amp#27;[39m
&amp#27;[35m[HTTP]&amp#27;[39m &amp#27;[90m&amp#27;[39m
&amp#27;[35m[HTTP]&amp#27;[39m &amp#27;[37m-->&amp#27;[39m &amp#27;[37mGET&amp#27;[39m &amp#27;[37m/wd/hub/session/6325cddf-10c9-4f5c-af0c-6f0cac588a23/element/7e1538a0-0a1a-4fdb-90bc-7cb05dcabcda/displayed&amp#27;[39m
&amp#27;[35m[HTTP]&amp#27;[39m &amp#27;[90m{}&amp#27;[39m
[debug] &amp#27;[35m[W3C (6325cddf)]&amp#27;[39m Calling AppiumDriver.elementDisplayed() with args: ["7e1538a0-0a1a-4fdb-90bc-7cb05dcabcda","6325cddf-10c9-4f5c-af0c-6f0cac588a23"]
[debug] &amp#27;[35m[WD Proxy]&amp#27;[39m Matched '/element/7e1538a0-0a1a-4fdb-90bc-7cb05dcabcda/attribute/displayed' to command name 'getAttribute'
[debug] &amp#27;[35m[WD Proxy]&amp#27;[39m Proxying [GET /element/7e1538a0-0a1a-4fdb-90bc-7cb05dcabcda/attribute/displayed] to [GET http://127.0.0.1:8200/wd/hub/session/d4c6e067-6377-42f0-82d9-e1a4aa699597/element/7e1538a0-0a1a-4fdb-90bc-7cb05dcabcda/attribute/displayed] with no body
[debug] &amp#27;[35m[WD Proxy]&amp#27;[39m Got response with status 200: {"sessionId":"d4c6e067-6377-42f0-82d9-e1a4aa699597","value":"true"}
[debug] &amp#27;[35m[W3C (6325cddf)]&amp#27;[39m Responding to client with driver.elementDisplayed() result: true
&amp#27;[35m[HTTP]&amp#27;[39m &amp#27;[37m<-- GET /wd/hub/session/6325cddf-10c9-4f5c-af0c-6f0cac588a23/element/7e1538a0-0a1a-4fdb-90bc-7cb05dcabcda/displayed &amp#27;[39m&amp#27;[32m200&amp#27;[39m &amp#27;[90m26 ms - 14&amp#27;[39m
&amp#27;[35m[HTTP]&amp#27;[39m &amp#27;[90m&amp#27;[39m
&amp#27;[35m[HTTP]&amp#27;[39m &amp#27;[37m-->&amp#27;[39m &amp#27;[37mGET&amp#27;[39m &amp#27;[37m/wd/hub/session/6325cddf-10c9-4f5c-af0c-6f0cac588a23/context&amp#27;[39m
&amp#27;[35m[HTTP]&amp#27;[39m &amp#27;[90m{}&amp#27;[39m
[debug] &amp#27;[35m[W3C (6325cddf)]&amp#27;[39m Calling AppiumDriver.getCurrentContext() with args: ["6325cddf-10c9-4f5c-af0c-6f0cac588a23"]
[debug] &amp#27;[35m[W3C (6325cddf)]&amp#27;[39m Responding to client with driver.getCurrentContext() result: "NATIVE_APP"
&amp#27;[35m[HTTP]&amp#27;[39m &amp#27;[37m<-- GET /wd/hub/session/6325cddf-10c9-4f5c-af0c-6f0cac588a23/context &amp#27;[39m&amp#27;[32m200&amp#27;[39m &amp#27;[90m3 ms - 22&amp#27;[39m
&amp#27;[35m[HTTP]&amp#27;[39m &amp#27;[90m&amp#27;[39m
&amp#27;[35m[HTTP]&amp#27;[39m &amp#27;[37m-->&amp#27;[39m &amp#27;[37mPOST&amp#27;[39m &amp#27;[37m/wd/hub/session/6325cddf-10c9-4f5c-af0c-6f0cac588a23/element&amp#27;[39m
&amp#27;[35m[HTTP]&amp#27;[39m &amp#27;[90m{"using":"id","value":"com.eezy.ai.dev:id/emailSignUp"}&amp#27;[39m
[debug] &amp#27;[35m[W3C (6325cddf)]&amp#27;[39m Calling AppiumDriver.findElement() with args: ["id","com.eezy.ai.dev:id/emailSignUp","6325cddf-10c9-4f5c-af0c-6f0cac588a23"]
[debug] &amp#27;[35m[BaseDriver]&amp#27;[39m Valid locator strategies for this request: xpath, id, class name, accessibility id, css selector, -android uiautomator
[debug] &amp#27;[35m[BaseDriver]&amp#27;[39m Waiting up to 15000 ms for condition
[debug] &amp#27;[35m[WD Proxy]&amp#27;[39m Matched '/element' to command name 'findElement'
[debug] &amp#27;[35m[WD Proxy]&amp#27;[39m Proxying [POST /element] to [POST http://127.0.0.1:8200/wd/hub/session/d4c6e067-6377-42f0-82d9-e1a4aa699597/element] with body: {"strategy":"id","selector":"com.eezy.ai.dev:id/emailSignUp","context":"","multiple":false}
[debug] &amp#27;[35m[WD Proxy]&amp#27;[39m Got response with status 200: {"sessionId":"d4c6e067-6377-42f0-82d9-e1a4aa699597","value":{"ELEMENT":"061f35e1-1ac7-4693-a444-11d473f3aa24","element-6066-11e4-a52e-4f735466cecf":"061f35e1-1ac7-4693-a444-11d473f3aa24"}}
[debug] &amp#27;[35m[W3C (6325cddf)]&amp#27;[39m Responding to client with driver.findElement() result: {"element-6066-11e4-a52e-4f735466cecf":"061f35e1-1ac7-4693-a444-11d473f3aa24","ELEMENT":"061f35e1-1ac7-4693-a444-11d473f3aa24"}
&amp#27;[35m[HTTP]&amp#27;[39m &amp#27;[37m<-- POST /wd/hub/session/6325cddf-10c9-4f5c-af0c-6f0cac588a23/element &amp#27;[39m&amp#27;[32m200&amp#27;[39m &amp#27;[90m42 ms - 137&amp#27;[39m
&amp#27;[35m[HTTP]&amp#27;[39m &amp#27;[90m&amp#27;[39m
[...]
&amp#27;[35m[HTTP]&amp#27;[39m &amp#27;[90m{}&amp#27;[39m
[debug] &amp#27;[35m[W3C (a38a037c)]&amp#27;[39m Calling AppiumDriver.getCurrentContext() with args: ["a38a037c-00d7-4e70-bad5-b7b74aefc8b7"]
[debug] &amp#27;[35m[W3C (a38a037c)]&amp#27;[39m Responding to client with driver.getCurrentContext() result: "NATIVE_APP"
&amp#27;[35m[HTTP]&amp#27;[39m &amp#27;[37m<-- GET /wd/hub/session/a38a037c-00d7-4e70-bad5-b7b74aefc8b7/context &amp#27;[39m&amp#27;[32m200&amp#27;[39m &amp#27;[90m2 ms - 22&amp#27;[39m
&amp#27;[35m[HTTP]&amp#27;[39m &amp#27;[90m&amp#27;[39m
&amp#27;[35m[HTTP]&amp#27;[39m &amp#27;[37m-->&amp#27;[39m &amp#27;[37mPOST&amp#27;[39m &amp#27;[37m/wd/hub/session/a38a037c-00d7-4e70-bad5-b7b74aefc8b7/element&amp#27;[39m
&amp#27;[35m[HTTP]&amp#27;[39m &amp#27;[90m{"using":"id","value":"com.eezy.ai.dev:id/wizardTitle"}&amp#27;[39m
[debug] &amp#27;[35m[W3C (a38a037c)]&amp#27;[39m Calling AppiumDriver.findElement() with args: ["id","com.eezy.ai.dev:id/wizardTitle","a38a037c-00d7-4e70-bad5-b7b74aefc8b7"]
[debug] &amp#27;[35m[BaseDriver]&amp#27;[39m Valid locator strategies for this request: xpath, id, class name, accessibility id, css selector, -android uiautomator
[debug] &amp#27;[35m[BaseDriver]&amp#27;[39m Waiting up to 15000 ms for condition
[debug] &amp#27;[35m[WD Proxy]&amp#27;[39m Matched '/element' to command name 'findElement'
[debug] &amp#27;[35m[WD Proxy]&amp#27;[39m Proxying [POST /element] to [POST http://127.0.0.1:8200/wd/hub/session/8b50dff7-c18d-4f18-99bc-d63e0ade10a5/element] with body: {"strategy":"id","selector":"com.eezy.ai.dev:id/wizardTitle","context":"","multiple":false}
&amp#27;[35m[WD Proxy]&amp#27;[39m Got response with status 404: {"sessionId":"8b50dff7-c18d-4f18-99bc-d63e0ade10a5","value":{"error":"no such element","message":"An element could not be located on the page using the given search parameters","stacktrace":"io.appium.uiautomator2.common.exceptions.ElementNotFoundException: An element could not be located on the page using the given search parameters\n\tat io.appium.uiautomator2.handler.FindElement.safeHandle(FindElement.java:70)\n\tat io.appium.uiautomator2.handler.request.SafeRequestHandler.handle(SafeRequestHandler.java:41)\n\tat io.appium.uiautomator2.server.AppiumServlet.handleRequest(AppiumServlet.java:261)\n\tat io.appium.uiautomator2.server.AppiumServlet.handleHttpRequest(AppiumServlet.java:255)\n\tat io.appium.uiautomator2.http.ServerHandler.channelRead(ServerHandler.java:68)\n\tat io.netty.channel.AbstractChannelHandlerContext.invokeChannelRead(AbstractChannelHandlerContext.java:366)\n\tat io.netty.channel.AbstractChannelHandlerContext.invokeChannelRead(AbstractChannelHandlerContext.java:352)\n\tat io.netty.chann...
[debug] &amp#27;[35m[W3C]&amp#27;[39m Matched W3C error code 'no such element' to NoSuchElementError
[debug] &amp#27;[35m[BaseDriver]&amp#27;[39m Waited for 493 ms so far
[debug] &amp#27;[35m[WD Proxy]&amp#27;[39m Matched '/element' to command name 'findElement'
[debug] &amp#27;[35m[WD Proxy]&amp#27;[39m Proxying [POST /element] to [POST http://127.0.0.1:8200/wd/hub/session/8b50dff7-c18d-4f18-99bc-d63e0ade10a5/element] with body: {"strategy":"id","selector":"com.eezy.ai.dev:id/wizardTitle","context":"","multiple":false}
&amp#27;[35m[WD Proxy]&amp#27;[39m Got response with status 404: {"sessionId":"8b50dff7-c18d-4f18-99bc-d63e0ade10a5","value":{"error":"no such element","message":"An element could not be located on the page using the given search parameters","stacktrace":"io.appium.uiautomator2.common.exceptions.ElementNotFoundException: An element could not be located on the page using the given search parameters\n\tat io.appium.uiautomator2.handler.FindElement.safeHandle(FindElement.java:70)\n\tat io.appium.uiautomator2.handler.request.SafeRequestHandler.handle(SafeRequestHandler.java:41)\n\tat io.appium.uiautomator2.server.AppiumServlet.handleRequest(AppiumServlet.java:261)\n\tat io.appium.uiautomator2.server.AppiumServlet.handleHttpRequest(AppiumServlet.java:255)\n\tat io.appium.uiautomator2.http.ServerHandler.channelRead(ServerHandler.java:68)\n\tat io.netty.channel.AbstractChannelHandlerContext.invokeChannelRead(AbstractChannelHandlerContext.java:366)\n\tat io.netty.channel.AbstractChannelHandlerContext.invokeChannelRead(AbstractChannelHandlerContext.java:352)\n\tat io.netty.chann...
[debug] &amp#27;[35m[W3C]&amp#27;[39m Matched W3C error code 'no such element' to NoSuchElementError
[debug] &amp#27;[35m[BaseDriver]&amp#27;[39m Waited for 2610 ms so far
[debug] &amp#27;[35m[WD Proxy]&amp#27;[39m Matched '/element' to command name 'findElement'
[debug] &amp#27;[35m[WD Proxy]&amp#27;[39m Proxying [POST /element] to [POST http://127.0.0.1:8200/wd/hub/session/8b50dff7-c18d-4f18-99bc-d63e0ade10a5/element] with body: {"strategy":"id","selector":"com.eezy.ai.dev:id/wizardTitle","context":"","multiple":false}
&amp#27;[35m[WD Proxy]&amp#27;[39m Got response with status 404: {"sessionId":"8b50dff7-c18d-4f18-99bc-d63e0ade10a5","value":{"error":"no such element","message":"An element could not be located on the page using the given search parameters","stacktrace":"io.appium.uiautomator2.common.exceptions.ElementNotFoundException: An element could not be located on the page using the given search parameters\n\tat io.appium.uiautomator2.handler.FindElement.safeHandle(FindElement.java:70)\n\tat io.appium.uiautomator2.handler.request.SafeRequestHandler.handle(SafeRequestHandler.java:41)\n\tat io.appium.uiautomator2.server.AppiumServlet.handleRequest(AppiumServlet.java:261)\n\tat io.appium.uiautomator2.server.AppiumServlet.handleHttpRequest(AppiumServlet.java:255)\n\tat io.appium.uiautomator2.http.ServerHandler.channelRead(ServerHandler.java:68)\n\tat io.netty.channel.AbstractChannelHandlerContext.invokeChannelRead(AbstractChannelHandlerContext.java:366)\n\tat io.netty.channel.AbstractChannelHandlerContext.invokeChannelRead(AbstractChannelHandlerContext.java:352)\n\tat io.netty.chann...
[debug] &amp#27;[35m[W3C]&amp#27;[39m Matched W3C error code 'no such element' to NoSuchElementError
[debug] &amp#27;[35m[BaseDriver]&amp#27;[39m Waited for 3167 ms so far
[debug] &amp#27;[35m[WD Proxy]&amp#27;[39m Matched '/element' to command name 'findElement'
[debug] &amp#27;[35m[WD Proxy]&amp#27;[39m Proxying [POST /element] to [POST http://127.0.0.1:8200/wd/hub/session/8b50dff7-c18d-4f18-99bc-d63e0ade10a5/element] with body: {"strategy":"id","selector":"com.eezy.ai.dev:id/wizardTitle","context":"","multiple":false}
&amp#27;[35m[WD Proxy]&amp#27;[39m Got response with status 404: {"sessionId":"8b50dff7-c18d-4f18-99bc-d63e0ade10a5","value":{"error":"no such element","message":"An element could not be located on the page using the given search parameters","stacktrace":"io.appium.uiautomator2.common.exceptions.ElementNotFoundException: An element could not be located on the page using the given search parameters\n\tat io.appium.uiautomator2.handler.FindElement.safeHandle(FindElement.java:70)\n\tat io.appium.uiautomator2.handler.request.SafeRequestHandler.handle(SafeRequestHandler.java:41)\n\tat io.appium.uiautomator2.server.AppiumServlet.handleRequest(AppiumServlet.java:261)\n\tat io.appium.uiautomator2.server.AppiumServlet.handleHttpRequest(AppiumServlet.java:255)\n\tat io.appium.uiautomator2.http.ServerHandler.channelRead(ServerHandler.java:68)\n\tat io.netty.channel.AbstractChannelHandlerContext.invokeChannelRead(AbstractChannelHandlerContext.java:366)\n\tat io.netty.channel.AbstractChannelHandlerContext.invokeChannelRead(AbstractChannelHandlerContext.java:352)\n\tat io.netty.chann...
[debug] &amp#27;[35m[W3C]&amp#27;[39m Matched W3C error code 'no such element' to NoSuchElementError
[debug] &amp#27;[35m[BaseDriver]&amp#27;[39m Waited for 3732 ms so far
[debug] &amp#27;[35m[WD Proxy]&amp#27;[39m Matched '/element' to command name 'findElement'
[debug] &amp#27;[35m[WD Proxy]&amp#27;[39m Proxying [POST /element] to [POST http://127.0.0.1:8200/wd/hub/session/8b50dff7-c18d-4f18-99bc-d63e0ade10a5/element] with body: {"strategy":"id","selector":"com.eezy.ai.dev:id/wizardTitle","context":"","multiple":false}
&amp#27;[35m[WD Proxy]&amp#27;[39m Got response with status 404: {"sessionId":"8b50dff7-c18d-4f18-99bc-d63e0ade10a5","value":{"error":"no such element","message":"An element could not be located on the page using the given search parameters","stacktrace":"io.appium.uiautomator2.common.exceptions.ElementNotFoundException: An element could not be located on the page using the given search parameters\n\tat io.appium.uiautomator2.handler.FindElement.safeHandle(FindElement.java:70)\n\tat io.appium.uiautomator2.handler.request.SafeRequestHandler.handle(SafeRequestHandler.java:41)\n\tat io.appium.uiautomator2.server.AppiumServlet.handleRequest(AppiumServlet.java:261)\n\tat io.appium.uiautomator2.server.AppiumServlet.handleHttpRequest(AppiumServlet.java:255)\n\tat io.appium.uiautomator2.http.ServerHandler.channelRead(ServerHandler.java:68)\n\tat io.netty.channel.AbstractChannelHandlerContext.invokeChannelRead(AbstractChannelHandlerContext.java:366)\n\tat io.netty.channel.AbstractChannelHandlerContext.invokeChannelRead(AbstractChannelHandlerContext.java:352)\n\tat io.netty.chann...
[debug] &amp#27;[35m[W3C]&amp#27;[39m Matched W3C error code 'no such element' to NoSuchElementError
[debug] &amp#27;[35m[BaseDriver]&amp#27;[39m Waited for 4398 ms so far
[debug] &amp#27;[35m[WD Proxy]&amp#27;[39m Matched '/element' to command name 'findElement'
[debug] &amp#27;[35m[WD Proxy]&amp#27;[39m Proxying [POST /element] to [POST http://127.0.0.1:8200/wd/hub/session/8b50dff7-c18d-4f18-99bc-d63e0ade10a5/element] with body: {"strategy":"id","selector":"com.eezy.ai.dev:id/wizardTitle","context":"","multiple":false}
[debug] &amp#27;[35m[WD Proxy]&amp#27;[39m Got response with status 200: {"sessionId":"8b50dff7-c18d-4f18-99bc-d63e0ade10a5","value":{"ELEMENT":"7cdff79f-c5ed-4382-9717-f1adaccd9766","element-6066-11e4-a52e-4f735466cecf":"7cdff79f-c5ed-4382-9717-f1adaccd9766"}}
[debug] &amp#27;[35m[W3C (a38a037c)]&amp#27;[39m Responding to client with driver.findElement() result: {"element-6066-11e4-a52e-4f735466cecf":"7cdff79f-c5ed-4382-9717-f1adaccd9766","ELEMENT":"7cdff79f-c5ed-4382-9717-f1adaccd9766"}
&amp#27;[35m[HTTP]&amp#27;[39m &amp#27;[37m<-- POST /wd/hub/session/a38a037c-00d7-4e70-bad5-b7b74aefc8b7/element &amp#27;[39m&amp#27;[32m200&amp#27;[39m &amp#27;[90m5514 ms - 137&amp#27;[39m
&amp#27;[35m[HTTP]&amp#27;[39m &amp#27;[90m&amp#27;[39m
&amp#27;[35m[HTTP]&amp#27;[39m &amp#27;[37m-->&amp#27;[39m &amp#27;[37mGET&amp#27;[39m &amp#27;[37m/wd/hub/session/a38a037c-00d7-4e70-bad5-b7b74aefc8b7/element/7cdff79f-c5ed-4382-9717-f1adaccd9766/displayed&amp#27;[39m
&amp#27;[35m[HTTP]&amp#27;[39m &amp#27;[90m{}&amp#27;[39m
[debug] &amp#27;[35m[W3C (a38a037c)]&amp#27;[39m Calling AppiumDriver.elementDisplayed() with args: ["7cdff79f-c5ed-4382-9717-f1adaccd9766","a38a037c-00d7-4e70-bad5-b7b74aefc8b7"]
[debug] &amp#27;[35m[WD Proxy]&amp#27;[39m Matched '/element/7cdff79f-c5ed-4382-9717-f1adaccd9766/attribute/displayed' to command name 'getAttribute'
[debug] &amp#27;[35m[WD Proxy]&amp#27;[39m Proxying [GET /element/7cdff79f-c5ed-4382-9717-f1adaccd9766/attribute/displayed] to [GET http://127.0.0.1:8200/wd/hub/session/8b50dff7-c18d-4f18-99bc-d63e0ade10a5/element/7cdff79f-c5ed-4382-9717-f1adaccd9766/attribute/displayed] with no body
[debug] &amp#27;[35m[WD Proxy]&amp#27;[39m Got response with status 200: {"sessionId":"8b50dff7-c18d-4f18-99bc-d63e0ade10a5","value":"true"}
[debug] &amp#27;[35m[W3C (a38a037c)]&amp#27;[39m Responding to client with driver.elementDisplayed() result: true
&amp#27;[35m[HTTP]&amp#27;[39m &amp#27;[37m<-- GET /wd/hub/session/a38a037c-00d7-4e70-bad5-b7b74aefc8b7/element/7cdff79f-c5ed-4382-9717-f1adaccd9766/displayed &amp#27;[39m&amp#27;[32m200&amp#27;[39m &amp#27;[90m27 ms - 14&amp#27;[39m
&amp#27;[35m[HTTP]&amp#27;[39m &amp#27;[90m&amp#27;[39m
&amp#27;[35m[HTTP]&amp#27;[39m &amp#27;[37m-->&amp#27;[39m &amp#27;[37mGET&amp#27;[39m &amp#27;[37m/wd/hub/session/a38a037c-00d7-4e70-bad5-b7b74aefc8b7/context&amp#27;[39m
&amp#27;[35m[HTTP]&amp#27;[39m &amp#27;[90m{}&amp#27;[39m
[debug] &amp#27;[35m[W3C (a38a037c)]&amp#27;[39m Calling AppiumDriver.getCurrentContext() with args: ["a38a037c-00d7-4e70-bad5-b7b74aefc8b7"]
[debug] &amp#27;[35m[W3C (a38a037c)]&amp#27;[39m Responding to client with driver.getCurrentContext() result: "NATIVE_APP"
&amp#27;[35m[HTTP]&amp#27;[39m &amp#27;[37m<-- GET /wd/hub/session/a38a037c-00d7-4e70-bad5-b7b74aefc8b7/context &amp#27;[39m&amp#27;[32m200&amp#27;[39m &amp#27;[90m3 ms - 22&amp#27;[39m
&amp#27;[35m[HTTP]&amp#27;[39m &amp#27;[90m&amp#27;[39m
&amp#27;[35m[HTTP]&amp#27;[39m &amp#27;[37m-->&amp#27;[39m &amp#27;[37mPOST&amp#27;[39m &amp#27;[37m/wd/hub/session/a38a037c-00d7-4e70-bad5-b7b74aefc8b7/element&amp#27;[39m
&amp#27;[35m[HTTP]&amp#27;[39m &amp#27;[90m{"using":"id","value":"com.eezy.ai.dev:id/wizardTitle"}&amp#27;[39m
[debug] &amp#27;[35m[W3C (a38a037c)]&amp#27;[39m Calling AppiumDriver.findElement() with args: ["id","com.eezy.ai.dev:id/wizardTitle","a38a037c-00d7-4e70-bad5-b7b74aefc8b7"]
[debug] &amp#27;[35m[BaseDriver]&amp#27;[39m Valid locator strategies for this request: xpath, id, class name, accessibility id, css selector, -android uiautomator
[debug] &amp#27;[35m[BaseDriver]&amp#27;[39m Waiting up to 15000 ms for condition
[debug] &amp#27;[35m[WD Proxy]&amp#27;[39m Matched '/element' to command name 'findElement'
[debug] &amp#27;[35m[WD Proxy]&amp#27;[39m Proxying [POST /element] to [POST http://127.0.0.1:8200/wd/hub/session/8b50dff7-c18d-4f18-99bc-d63e0ade10a5/element] with body: {"strategy":"id","selector":"com.eezy.ai.dev:id/wizardTitle","context":"","multiple":false}
[debug] &amp#27;[35m[WD Proxy]&amp#27;[39m Got response with status 200: {"sessionId":"8b50dff7-c18d-4f18-99bc-d63e0ade10a5","value":{"ELEMENT":"2e9099eb-b7ef-492e-a39e-38e69d8ffbde","element-6066-11e4-a52e-4f735466cecf":"2e9099eb-b7ef-492e-a39e-38e69d8ffbde"}}
[debug] &amp#27;[35m[W3C (a38a037c)]&amp#27;[39m Responding to client with driver.findElement() result: {"element-6066-11e4-a52e-4f735466cecf":"2e9099eb-b7ef-492e-a39e-38e69d8ffbde","ELEMENT":"2e9099eb-b7ef-492e-a39e-38e69d8ffbde"}
&amp#27;[35m[HTTP]&amp#27;[39m &amp#27;[37m<-- POST /wd/hub/session/a38a037c-00d7-4e70-bad5-b7b74aefc8b7/element &amp#27;[39m&amp#27;[32m200&amp#27;[39m &amp#27;[90m39 ms - 137&amp#27;[39m
&amp#27;[35m[HTTP]&amp#27;[39m &amp#27;[90m&amp#27;[39m
&amp#27;[35m[HTTP]&amp#27;[39m &amp#27;[37m-->&amp#27;[39m &amp#27;[37mGET&amp#27;[39m &amp#27;[37m/wd/hub/session/a38a037c-00d7-4e70-bad5-b7b74aefc8b7/element/2e9099eb-b7ef-492e-a39e-38e69d8ffbde/enabled&amp#27;[39m
&amp#27;[35m[HTTP]&amp#27;[39m &amp#27;[90m{}&amp#27;[39m
[debug] &amp#27;[35m[W3C (a38a037c)]&amp#27;[39m Calling AppiumDriver.elementEnabled() with args: ["2e9099eb-b7ef-492e-a39e-38e69d8ffbde","a38a037c-00d7-4e70-bad5-b7b74aefc8b7"]
[debug] &amp#27;[35m[WD Proxy]&amp#27;[39m Matched '/element/2e9099eb-b7ef-492e-a39e-38e69d8ffbde/attribute/enabled' to command name 'getAttribute'
[debug] &amp#27;[35m[WD Proxy]&amp#27;[39m Proxying [GET /element/2e9099eb-b7ef-492e-a39e-38e69d8ffbde/attribute/enabled] to [GET http://127.0.0.1:8200/wd/hub/session/8b50dff7-c18d-4f18-99bc-d63e0ade10a5/element/2e9099eb-b7ef-492e-a39e-38e69d8ffbde/attribute/enabled] with no body
[debug] &amp#27;[35m[WD Proxy]&amp#27;[39m Got response with status 200: {"sessionId":"8b50dff7-c18d-4f18-99bc-d63e0ade10a5","value":"true"}
[debug] &amp#27;[35m[W3C (a38a037c)]&amp#27;[39m Responding to client with driver.elementEnabled() result: true
&amp#27;[35m[HTTP]&amp#27;[39m &amp#27;[37m<-- GET /wd/hub/session/a38a037c-00d7-4e70-bad5-b7b74aefc8b7/element/2e9099eb-b7ef-492e-a39e-38e69d8ffbde/enabled &amp#27;[39m&amp#27;[32m200&amp#27;[39m &amp#27;[90m18 ms - 14&amp#27;[39m
&amp#27;[35m[HTTP]&amp#27;[39m &amp#27;[90m&amp#27;[39m
&amp#27;[35m[HTTP]&amp#27;[39m &amp#27;[37m-->&amp#27;[39m &amp#27;[37mGET&amp#27;[39m &amp#27;[37m/wd/hub/session/a38a037c-00d7-4e70-bad5-b7b74aefc8b7/context&amp#27;[39m
&amp#27;[35m[HTTP]&amp#27;[39m &amp#27;[90m{}&amp#27;[39m
[debug] &amp#27;[35m[W3C (a38a037c)]&amp#27;[39m Calling AppiumDriver.getCurrentContext() with args: ["a38a037c-00d7-4e70-bad5-b7b74aefc8b7"]
[debug] &amp#27;[35m[W3C (a38a037c)]&amp#27;[39m Responding to client with driver.getCurrentContext() result: "NATIVE_APP"
&amp#27;[35m[HTTP]&amp#27;[39m &amp#27;[37m<-- GET /wd/hub/session/a38a037c-00d7-4e70-bad5-b7b74aefc8b7/context &amp#27;[39m&amp#27;[32m200&amp#27;[39m &amp#27;[90m3 ms - 22&amp#27;[39m
&amp#27;[35m[HTTP]&amp#27;[39m &amp#27;[90m&amp#27;[39m
&amp#27;[35m[HTTP]&amp#27;[39m &amp#27;[37m-->&amp#27;[39m &amp#27;[37mPOST&amp#27;[39m &amp#27;[37m/wd/hub/session/a38a037c-00d7-4e70-bad5-b7b74aefc8b7/element&amp#27;[39m
&amp#27;[35m[HTTP]&amp#27;[39m &amp#27;[90m{"using":"id","value":"com.eezy.ai.dev:id/wizardTitle"}&amp#27;[39m
[debug] &amp#27;[35m[W3C (a38a037c)]&amp#27;[39m Calling AppiumDriver.findElement() with args: ["id","com.eezy.ai.dev:id/wizardTitle","a38a037c-00d7-4e70-bad5-b7b74aefc8b7"]
[debug] &amp#27;[35m[BaseDriver]&amp#27;[39m Valid locator strategies for this request: xpath, id, class name, accessibility id, css selector, -android uiautomator
[debug] &amp#27;[35m[BaseDriver]&amp#27;[39m Waiting up to 15000 ms for condition
[debug] &amp#27;[35m[WD Proxy]&amp#27;[39m Matched '/element' to command name 'findElement'
[debug] &amp#27;[35m[WD Proxy]&amp#27;[39m Proxying [POST /element] to [POST http://127.0.0.1:8200/wd/hub/session/8b50dff7-c18d-4f18-99bc-d63e0ade10a5/element] with body: {"strategy":"id","selector":"com.eezy.ai.dev:id/wizardTitle","context":"","multiple":false}
[debug] &amp#27;[35m[WD Proxy]&amp#27;[39m Got response with status 200: {"sessionId":"8b50dff7-c18d-4f18-99bc-d63e0ade10a5","value":{"ELEMENT":"6c9cb7e2-50b7-41b7-aafd-858acfc8e934","element-6066-11e4-a52e-4f735466cecf":"6c9cb7e2-50b7-41b7-aafd-858acfc8e934"}}
[debug] &amp#27;[35m[W3C (a38a037c)]&amp#27;[39m Responding to client with driver.findElement() result: {"element-6066-11e4-a52e-4f735466cecf":"6c9cb7e2-50b7-41b7-aafd-858acfc8e934","ELEMENT":"6c9cb7e2-50b7-41b7-aafd-858acfc8e934"}
&amp#27;[35m[HTTP]&amp#27;[39m &amp#27;[37m<-- POST /wd/hub/session/a38a037c-00d7-4e70-bad5-b7b74aefc8b7/element &amp#27;[39m&amp#27;[32m200&amp#27;[39m &amp#27;[90m46 ms - 137&amp#27;[39m
&amp#27;[35m[HTTP]&amp#27;[39m &amp#27;[90m&amp#27;[39m
&amp#27;[35m[HTTP]&amp#27;[39m &amp#27;[37m-->&amp#27;[39m &amp#27;[37mGET&amp#27;[39m &amp#27;[37m/wd/hub/session/a38a037c-00d7-4e70-bad5-b7b74aefc8b7/element/6c9cb7e2-50b7-41b7-aafd-858acfc8e934/displayed&amp#27;[39m
&amp#27;[35m[HTTP]&amp#27;[39m &amp#27;[90m{}&amp#27;[39m
[debug] &amp#27;[35m[W3C (a38a037c)]&amp#27;[39m Calling AppiumDriver.elementDisplayed() with args: ["6c9cb7e2-50b7-41b7-aafd-858acfc8e934","a38a037c-00d7-4e70-bad5-b7b74aefc8b7"]
[debug] &amp#27;[35m[WD Proxy]&amp#27;[39m Matched '/element/6c9cb7e2-50b7-41b7-aafd-858acfc8e934/attribute/displayed' to command name 'getAttribute'
[debug] &amp#27;[35m[WD Proxy]&amp#27;[39m Proxying [GET /element/6c9cb7e2-50b7-41b7-aafd-858acfc8e934/attribute/displayed] to [GET http://127.0.0.1:8200/wd/hub/session/8b50dff7-c18d-4f18-99bc-d63e0ade10a5/element/6c9cb7e2-50b7-41b7-aafd-858acfc8e934/attribute/displayed] with no body
[debug] &amp#27;[35m[WD Proxy]&amp#27;[39m Got response with status 200: {"sessionId":"8b50dff7-c18d-4f18-99bc-d63e0ade10a5","value":"true"}
[debug] &amp#27;[35m[W3C (a38a037c)]&amp#27;[39m Responding to client with driver.elementDisplayed() result: true
&amp#27;[35m[HTTP]&amp#27;[39m &amp#27;[37m<-- GET /wd/hub/session/a38a037c-00d7-4e70-bad5-b7b74aefc8b7/element/6c9cb7e2-]]></system-out>
    <system-err><![CDATA[Apr 28, 2021 1:46:51 PM io.appium.java_client.remote.AppiumCommandExecutor$1 lambda$0
INFO: Detected dialect: W3C
]]></system-err>
  </testcase>
</testsuite>