<?xml version="1.0" encoding="UTF-8"?>
<testng-results skipped="0" failed="0" ignored="0" total="0" passed="0">
  <reporter-output>
  </reporter-output>
  <suite name="Suite" duration-ms="0" started-at="2021-04-28T14:04:31 IST" finished-at="2021-04-28T14:04:31 IST">
    <groups>
      <group name="Smoke">
        <method signature="LoginRedirectingToSignInTest.loginToSingIn()[pri:0, instance:com.eezy.logintest.LoginRedirectingToSignInTest@1efed156]" name="loginToSingIn" class="com.eezy.logintest.LoginRedirectingToSignInTest"/>
        <method signature="LoginUsingMobileNumberTest.loginUsingMobileNumber()[pri:0, instance:com.eezy.logintest.LoginUsingMobileNumberTest@3224f60b]" name="loginUsingMobileNumber" class="com.eezy.logintest.LoginUsingMobileNumberTest"/>
      </group> <!-- Smoke -->
    </groups>
  </suite> <!-- Suite -->
</testng-results>
